{"/var/www/html/alvineandersson.se/public_html/src/configureStore.js": {"path":"/var/www/html/alvineandersson.se/public_html/src/configureStore.js","statementMap":{"0":{"start":{"line":23,"column":27},"end":{"line":23,"column":39}},"1":{"start":{"line":26,"column":2},"end":{"line":32,"column":3}}},"fnMap":{"0":{"name":"configureStore","decl":{"start":{"line":25,"column":24},"end":{"line":25,"column":38}},"loc":{"start":{"line":25,"column":55},"end":{"line":33,"column":1}},"line":25}},"branchMap":{},"s":{"0":15,"1":0},"f":{"0":0},"b":{},"_coverageSchema":"43e27e138ebf9cfc5966b082cf9a028302ed4184","hash":"678ba224d3e8a9f9951652f6b26bee836cd21af8"}
,"/var/www/html/alvineandersson.se/public_html/src/actions/index.js": {"path":"/var/www/html/alvineandersson.se/public_html/src/actions/index.js","statementMap":{"0":{"start":{"line":5,"column":2},"end":{"line":26,"column":3}},"1":{"start":{"line":8,"column":28},"end":{"line":8,"column":55}},"2":{"start":{"line":9,"column":25},"end":{"line":9,"column":47}},"3":{"start":{"line":11,"column":4},"end":{"line":19,"column":6}},"4":{"start":{"line":12,"column":6},"end":{"line":17,"column":7}},"5":{"start":{"line":15,"column":10},"end":{"line":15,"column":63}},"6":{"start":{"line":18,"column":6},"end":{"line":18,"column":55}},"7":{"start":{"line":21,"column":4},"end":{"line":24,"column":6}},"8":{"start":{"line":30,"column":2},"end":{"line":52,"column":3}},"9":{"start":{"line":33,"column":28},"end":{"line":33,"column":55}},"10":{"start":{"line":34,"column":25},"end":{"line":34,"column":47}},"11":{"start":{"line":36,"column":4},"end":{"line":44,"column":6}},"12":{"start":{"line":37,"column":6},"end":{"line":37,"column":28}},"13":{"start":{"line":38,"column":6},"end":{"line":38,"column":27}},"14":{"start":{"line":39,"column":6},"end":{"line":43,"column":7}},"15":{"start":{"line":40,"column":8},"end":{"line":42,"column":10}},"16":{"start":{"line":41,"column":10},"end":{"line":41,"column":29}},"17":{"start":{"line":45,"column":4},"end":{"line":45,"column":37}},"18":{"start":{"line":47,"column":4},"end":{"line":50,"column":6}},"19":{"start":{"line":58,"column":2},"end":{"line":68,"column":3}},"20":{"start":{"line":60,"column":26},"end":{"line":60,"column":59}},"21":{"start":{"line":61,"column":24},"end":{"line":61,"column":68}},"22":{"start":{"line":63,"column":4},"end":{"line":66,"column":6}}},"fnMap":{"0":{"name":"matchMaking","decl":{"start":{"line":4,"column":16},"end":{"line":4,"column":27}},"loc":{"start":{"line":4,"column":73},"end":{"line":27,"column":1}},"line":4},"1":{"name":"(anonymous_1)","decl":{"start":{"line":5,"column":9},"end":{"line":5,"column":10}},"loc":{"start":{"line":5,"column":39},"end":{"line":26,"column":3}},"line":5},"2":{"name":"(anonymous_2)","decl":{"start":{"line":11,"column":23},"end":{"line":11,"column":24}},"loc":{"start":{"line":11,"column":31},"end":{"line":19,"column":5}},"line":11},"3":{"name":"(anonymous_3)","decl":{"start":{"line":14,"column":30},"end":{"line":14,"column":31}},"loc":{"start":{"line":14,"column":37},"end":{"line":16,"column":9}},"line":14},"4":{"name":"resetGame","decl":{"start":{"line":29,"column":16},"end":{"line":29,"column":25}},"loc":{"start":{"line":29,"column":28},"end":{"line":53,"column":1}},"line":29},"5":{"name":"(anonymous_5)","decl":{"start":{"line":30,"column":9},"end":{"line":30,"column":10}},"loc":{"start":{"line":30,"column":39},"end":{"line":52,"column":3}},"line":30},"6":{"name":"(anonymous_6)","decl":{"start":{"line":36,"column":23},"end":{"line":36,"column":24}},"loc":{"start":{"line":36,"column":31},"end":{"line":44,"column":5}},"line":36},"7":{"name":"(anonymous_7)","decl":{"start":{"line":40,"column":30},"end":{"line":40,"column":31}},"loc":{"start":{"line":40,"column":37},"end":{"line":42,"column":9}},"line":40},"8":{"name":"filterProjects","decl":{"start":{"line":57,"column":16},"end":{"line":57,"column":30}},"loc":{"start":{"line":57,"column":43},"end":{"line":69,"column":1}},"line":57},"9":{"name":"(anonymous_9)","decl":{"start":{"line":58,"column":9},"end":{"line":58,"column":10}},"loc":{"start":{"line":58,"column":33},"end":{"line":68,"column":3}},"line":58}},"branchMap":{"0":{"loc":{"start":{"line":12,"column":6},"end":{"line":17,"column":7}},"type":"binary-expr","locations":[{"start":{"line":12,"column":6},"end":{"line":12,"column":29}},{"start":{"line":13,"column":8},"end":{"line":17,"column":6}}],"line":12},"1":{"loc":{"start":{"line":15,"column":10},"end":{"line":15,"column":63}},"type":"binary-expr","locations":[{"start":{"line":15,"column":10},"end":{"line":15,"column":38}},{"start":{"line":15,"column":43},"end":{"line":15,"column":62}}],"line":15},"2":{"loc":{"start":{"line":18,"column":6},"end":{"line":18,"column":55}},"type":"binary-expr","locations":[{"start":{"line":18,"column":6},"end":{"line":18,"column":28}},{"start":{"line":18,"column":34},"end":{"line":18,"column":53}}],"line":18},"3":{"loc":{"start":{"line":39,"column":6},"end":{"line":43,"column":7}},"type":"if","locations":[{"start":{"line":39,"column":6},"end":{"line":43,"column":7}},{"start":{"line":39,"column":6},"end":{"line":43,"column":7}}],"line":39}},"s":{"0":1,"1":1,"2":1,"3":1,"4":8,"5":2,"6":8,"7":1,"8":1,"9":1,"10":1,"11":1,"12":8,"13":8,"14":8,"15":6,"16":12,"17":1,"18":1,"19":4,"20":4,"21":4,"22":4},"f":{"0":1,"1":1,"2":8,"3":2,"4":1,"5":1,"6":8,"7":12,"8":4,"9":4},"b":{"0":[8,1],"1":[2,1],"2":[8,1],"3":[6,2]},"_coverageSchema":"43e27e138ebf9cfc5966b082cf9a028302ed4184","hash":"18258bfec0a2abaac69be022556e97b6b35815c4"}
,"/var/www/html/alvineandersson.se/public_html/src/actions/types.js": {"path":"/var/www/html/alvineandersson.se/public_html/src/actions/types.js","statementMap":{"0":{"start":{"line":1,"column":31},"end":{"line":1,"column":48}},"1":{"start":{"line":2,"column":27},"end":{"line":2,"column":40}},"2":{"start":{"line":3,"column":26},"end":{"line":3,"column":38}}},"fnMap":{},"branchMap":{},"s":{"0":15,"1":15,"2":15},"f":{},"b":{},"_coverageSchema":"43e27e138ebf9cfc5966b082cf9a028302ed4184","hash":"ec31e4e626624becbcc06cc94d2503d3f1155ea1"}
,"/var/www/html/alvineandersson.se/public_html/src/components/common/JumpingTitle.js": {"path":"/var/www/html/alvineandersson.se/public_html/src/components/common/JumpingTitle.js","statementMap":{"0":{"start":{"line":10,"column":4},"end":{"line":10,"column":54}},"1":{"start":{"line":15,"column":22},"end":{"line":15,"column":32}},"2":{"start":{"line":17,"column":4},"end":{"line":36,"column":6}},"3":{"start":{"line":24,"column":10},"end":{"line":33,"column":15}},"4":{"start":{"line":26,"column":28},"end":{"line":26,"column":33}},"5":{"start":{"line":27,"column":31},"end":{"line":27,"column":43}},"6":{"start":{"line":28,"column":28},"end":{"line":28,"column":92}},"7":{"start":{"line":29,"column":14},"end":{"line":31,"column":15}},"8":{"start":{"line":40,"column":0},"end":{"line":42,"column":1}}},"fnMap":{"0":{"name":"(anonymous_0)","decl":{"start":{"line":9,"column":23},"end":{"line":9,"column":24}},"loc":{"start":{"line":9,"column":36},"end":{"line":11,"column":3}},"line":9},"1":{"name":"(anonymous_1)","decl":{"start":{"line":13,"column":2},"end":{"line":13,"column":3}},"loc":{"start":{"line":13,"column":11},"end":{"line":37,"column":3}},"line":13},"2":{"name":"(anonymous_2)","decl":{"start":{"line":22,"column":9},"end":{"line":22,"column":10}},"loc":{"start":{"line":24,"column":10},"end":{"line":33,"column":15}},"line":24},"3":{"name":"(anonymous_3)","decl":{"start":{"line":25,"column":33},"end":{"line":25,"column":34}},"loc":{"start":{"line":25,"column":48},"end":{"line":32,"column":13}},"line":25}},"branchMap":{"0":{"loc":{"start":{"line":24,"column":61},"end":{"line":24,"column":122}},"type":"cond-expr","locations":[{"start":{"line":24,"column":73},"end":{"line":24,"column":95}},{"start":{"line":24,"column":98},"end":{"line":24,"column":122}}],"line":24}},"s":{"0":1,"1":6,"2":6,"3":3,"4":45,"5":45,"6":45,"7":45,"8":3},"f":{"0":1,"1":6,"2":3,"3":45},"b":{"0":[0,3]},"_coverageSchema":"43e27e138ebf9cfc5966b082cf9a028302ed4184","hash":"a08b95e7b5adffe0a1a3f1f24e85ece9e93f17f3"}
,"/var/www/html/alvineandersson.se/public_html/src/components/footer/Footer.js": {"path":"/var/www/html/alvineandersson.se/public_html/src/components/footer/Footer.js","statementMap":{"0":{"start":{"line":3,"column":15},"end":{"line":21,"column":1}},"1":{"start":{"line":5,"column":2},"end":{"line":19,"column":4}}},"fnMap":{"0":{"name":"(anonymous_0)","decl":{"start":{"line":3,"column":15},"end":{"line":3,"column":16}},"loc":{"start":{"line":3,"column":21},"end":{"line":21,"column":1}},"line":3}},"branchMap":{},"s":{"0":1,"1":4},"f":{"0":4},"b":{},"_coverageSchema":"43e27e138ebf9cfc5966b082cf9a028302ed4184","hash":"68fcd534dd6f36b6bb68139b0cea47a810a5f54e"}
,"/var/www/html/alvineandersson.se/public_html/src/components/header/Header.js": {"path":"/var/www/html/alvineandersson.se/public_html/src/components/header/Header.js","statementMap":{"0":{"start":{"line":5,"column":15},"end":{"line":88,"column":1}},"1":{"start":{"line":7,"column":2},"end":{"line":87,"column":4}},"2":{"start":{"line":90,"column":0},"end":{"line":92,"column":1}}},"fnMap":{"0":{"name":"(anonymous_0)","decl":{"start":{"line":5,"column":15},"end":{"line":5,"column":16}},"loc":{"start":{"line":5,"column":30},"end":{"line":88,"column":1}},"line":5}},"branchMap":{},"s":{"0":1,"1":3,"2":1},"f":{"0":3},"b":{},"_coverageSchema":"43e27e138ebf9cfc5966b082cf9a028302ed4184","hash":"8ef898e182c13dca4703c394896515b132300b71"}
,"/var/www/html/alvineandersson.se/public_html/src/components/matchmaking/BooleanItem.js": {"path":"/var/www/html/alvineandersson.se/public_html/src/components/matchmaking/BooleanItem.js","statementMap":{"0":{"start":{"line":4,"column":20},"end":{"line":23,"column":1}},"1":{"start":{"line":5,"column":2},"end":{"line":22,"column":3}},"2":{"start":{"line":11,"column":45},"end":{"line":18,"column":9}},"3":{"start":{"line":14,"column":44},"end":{"line":14,"column":82}},"4":{"start":{"line":25,"column":0},"end":{"line":28,"column":1}}},"fnMap":{"0":{"name":"(anonymous_0)","decl":{"start":{"line":4,"column":20},"end":{"line":4,"column":21}},"loc":{"start":{"line":4,"column":45},"end":{"line":23,"column":1}},"line":4},"1":{"name":"(anonymous_1)","decl":{"start":{"line":11,"column":31},"end":{"line":11,"column":32}},"loc":{"start":{"line":11,"column":43},"end":{"line":18,"column":10}},"line":11},"2":{"name":"(anonymous_2)","decl":{"start":{"line":14,"column":38},"end":{"line":14,"column":39}},"loc":{"start":{"line":14,"column":44},"end":{"line":14,"column":82}},"line":14}},"branchMap":{"0":{"loc":{"start":{"line":14,"column":21},"end":{"line":14,"column":89}},"type":"cond-expr","locations":[{"start":{"line":14,"column":38},"end":{"line":14,"column":82}},{"start":{"line":14,"column":85},"end":{"line":14,"column":89}}],"line":14}},"s":{"0":2,"1":4,"2":8,"3":1,"4":2},"f":{"0":4,"1":8,"2":1},"b":{"0":[6,2]},"_coverageSchema":"43e27e138ebf9cfc5966b082cf9a028302ed4184","hash":"2d5132a5798d415ee37a6029638436bc1730d3c1"}
,"/var/www/html/alvineandersson.se/public_html/src/components/matchmaking/MatchItem.js": {"path":"/var/www/html/alvineandersson.se/public_html/src/components/matchmaking/MatchItem.js","statementMap":{"0":{"start":{"line":4,"column":18},"end":{"line":17,"column":1}},"1":{"start":{"line":5,"column":2},"end":{"line":16,"column":3}},"2":{"start":{"line":13,"column":27},"end":{"line":13,"column":38}},"3":{"start":{"line":19,"column":0},"end":{"line":22,"column":1}}},"fnMap":{"0":{"name":"(anonymous_0)","decl":{"start":{"line":4,"column":18},"end":{"line":4,"column":19}},"loc":{"start":{"line":4,"column":41},"end":{"line":17,"column":1}},"line":4},"1":{"name":"(anonymous_1)","decl":{"start":{"line":13,"column":21},"end":{"line":13,"column":22}},"loc":{"start":{"line":13,"column":27},"end":{"line":13,"column":38}},"line":13}},"branchMap":{},"s":{"0":2,"1":3,"2":1,"3":2},"f":{"0":3,"1":1},"b":{},"_coverageSchema":"43e27e138ebf9cfc5966b082cf9a028302ed4184","hash":"04e48bb91d1b41d90ea7a196f4f613c0109642bc"}
,"/var/www/html/alvineandersson.se/public_html/src/components/matchmaking/Matchmaking.js": {"path":"/var/www/html/alvineandersson.se/public_html/src/components/matchmaking/Matchmaking.js","statementMap":{"0":{"start":{"line":9,"column":38},"end":{"line":37,"column":1}},"1":{"start":{"line":10,"column":2},"end":{"line":36,"column":4}},"2":{"start":{"line":20,"column":12},"end":{"line":30,"column":18}},"3":{"start":{"line":40,"column":2},"end":{"line":42,"column":3}},"4":{"start":{"line":46,"column":2},"end":{"line":49,"column":3}},"5":{"start":{"line":47,"column":66},"end":{"line":47,"column":132}},"6":{"start":{"line":48,"column":21},"end":{"line":48,"column":42}}},"fnMap":{"0":{"name":"(anonymous_0)","decl":{"start":{"line":9,"column":38},"end":{"line":9,"column":39}},"loc":{"start":{"line":9,"column":80},"end":{"line":37,"column":1}},"line":9},"1":{"name":"(anonymous_1)","decl":{"start":{"line":19,"column":26},"end":{"line":19,"column":27}},"loc":{"start":{"line":20,"column":12},"end":{"line":30,"column":18}},"line":20},"2":{"name":"mapStateToProps","decl":{"start":{"line":39,"column":9},"end":{"line":39,"column":24}},"loc":{"start":{"line":39,"column":32},"end":{"line":43,"column":1}},"line":39},"3":{"name":"mapDispatchToProps","decl":{"start":{"line":45,"column":9},"end":{"line":45,"column":27}},"loc":{"start":{"line":45,"column":38},"end":{"line":50,"column":1}},"line":45},"4":{"name":"(anonymous_4)","decl":{"start":{"line":47,"column":17},"end":{"line":47,"column":18}},"loc":{"start":{"line":47,"column":66},"end":{"line":47,"column":132}},"line":47},"5":{"name":"(anonymous_5)","decl":{"start":{"line":48,"column":15},"end":{"line":48,"column":16}},"loc":{"start":{"line":48,"column":21},"end":{"line":48,"column":42}},"line":48}},"branchMap":{"0":{"loc":{"start":{"line":21,"column":15},"end":{"line":23,"column":15}},"type":"binary-expr","locations":[{"start":{"line":21,"column":15},"end":{"line":21,"column":43}},{"start":{"line":22,"column":16},"end":{"line":22,"column":68}}],"line":21},"1":{"loc":{"start":{"line":24,"column":15},"end":{"line":26,"column":15}},"type":"binary-expr","locations":[{"start":{"line":24,"column":15},"end":{"line":24,"column":36}},{"start":{"line":25,"column":16},"end":{"line":25,"column":69}}],"line":24},"2":{"loc":{"start":{"line":27,"column":15},"end":{"line":29,"column":15}},"type":"binary-expr","locations":[{"start":{"line":27,"column":15},"end":{"line":27,"column":36}},{"start":{"line":28,"column":16},"end":{"line":28,"column":63}}],"line":27}},"s":{"0":1,"1":7,"2":56,"3":7,"4":7,"5":0,"6":0},"f":{"0":7,"1":56,"2":7,"3":7,"4":0,"5":0},"b":{"0":[56,28],"1":[56,14],"2":[56,14]},"_coverageSchema":"43e27e138ebf9cfc5966b082cf9a028302ed4184","hash":"71ca0aa2c3dc39bb1c48b9cf85588e863664f94d"}
,"/var/www/html/alvineandersson.se/public_html/src/components/matchmaking/SelectItem.js": {"path":"/var/www/html/alvineandersson.se/public_html/src/components/matchmaking/SelectItem.js","statementMap":{"0":{"start":{"line":4,"column":19},"end":{"line":17,"column":1}},"1":{"start":{"line":5,"column":2},"end":{"line":16,"column":3}},"2":{"start":{"line":7,"column":43},"end":{"line":14,"column":7}},"3":{"start":{"line":10,"column":42},"end":{"line":10,"column":80}},"4":{"start":{"line":19,"column":0},"end":{"line":22,"column":1}}},"fnMap":{"0":{"name":"(anonymous_0)","decl":{"start":{"line":4,"column":19},"end":{"line":4,"column":20}},"loc":{"start":{"line":4,"column":44},"end":{"line":17,"column":1}},"line":4},"1":{"name":"(anonymous_1)","decl":{"start":{"line":7,"column":29},"end":{"line":7,"column":30}},"loc":{"start":{"line":7,"column":41},"end":{"line":14,"column":8}},"line":7},"2":{"name":"(anonymous_2)","decl":{"start":{"line":10,"column":36},"end":{"line":10,"column":37}},"loc":{"start":{"line":10,"column":42},"end":{"line":10,"column":80}},"line":10}},"branchMap":{"0":{"loc":{"start":{"line":10,"column":19},"end":{"line":10,"column":87}},"type":"cond-expr","locations":[{"start":{"line":10,"column":36},"end":{"line":10,"column":80}},{"start":{"line":10,"column":83},"end":{"line":10,"column":87}}],"line":10}},"s":{"0":2,"1":5,"2":10,"3":1,"4":2},"f":{"0":5,"1":10,"2":1},"b":{"0":[8,2]},"_coverageSchema":"43e27e138ebf9cfc5966b082cf9a028302ed4184","hash":"bf6e42cac16675124d8f0bbca052daa96f8f5997"}
,"/var/www/html/alvineandersson.se/public_html/src/components/projects/Filter.js": {"path":"/var/www/html/alvineandersson.se/public_html/src/components/projects/Filter.js","statementMap":{"0":{"start":{"line":6,"column":33},"end":{"line":24,"column":1}},"1":{"start":{"line":8,"column":16},"end":{"line":8,"column":39}},"2":{"start":{"line":10,"column":2},"end":{"line":23,"column":4}},"3":{"start":{"line":12,"column":40},"end":{"line":21,"column":7}},"4":{"start":{"line":16,"column":25},"end":{"line":16,"column":51}},"5":{"start":{"line":26,"column":24},"end":{"line":31,"column":1}},"6":{"start":{"line":27,"column":2},"end":{"line":30,"column":3}},"7":{"start":{"line":33,"column":27},"end":{"line":37,"column":1}},"8":{"start":{"line":34,"column":2},"end":{"line":36,"column":3}},"9":{"start":{"line":35,"column":32},"end":{"line":35,"column":64}}},"fnMap":{"0":{"name":"(anonymous_0)","decl":{"start":{"line":6,"column":33},"end":{"line":6,"column":34}},"loc":{"start":{"line":6,"column":82},"end":{"line":24,"column":1}},"line":6},"1":{"name":"(anonymous_1)","decl":{"start":{"line":12,"column":19},"end":{"line":12,"column":20}},"loc":{"start":{"line":12,"column":38},"end":{"line":21,"column":8}},"line":12},"2":{"name":"(anonymous_2)","decl":{"start":{"line":16,"column":19},"end":{"line":16,"column":20}},"loc":{"start":{"line":16,"column":25},"end":{"line":16,"column":51}},"line":16},"3":{"name":"(anonymous_3)","decl":{"start":{"line":26,"column":24},"end":{"line":26,"column":25}},"loc":{"start":{"line":26,"column":35},"end":{"line":31,"column":1}},"line":26},"4":{"name":"(anonymous_4)","decl":{"start":{"line":33,"column":27},"end":{"line":33,"column":28}},"loc":{"start":{"line":33,"column":41},"end":{"line":37,"column":1}},"line":33},"5":{"name":"(anonymous_5)","decl":{"start":{"line":35,"column":20},"end":{"line":35,"column":21}},"loc":{"start":{"line":35,"column":32},"end":{"line":35,"column":64}},"line":35}},"branchMap":{"0":{"loc":{"start":{"line":15,"column":31},"end":{"line":15,"column":89}},"type":"cond-expr","locations":[{"start":{"line":15,"column":68},"end":{"line":15,"column":76}},{"start":{"line":15,"column":79},"end":{"line":15,"column":89}}],"line":15}},"s":{"0":2,"1":7,"2":7,"3":28,"4":2,"5":2,"6":7,"7":2,"8":7,"9":0},"f":{"0":7,"1":28,"2":2,"3":7,"4":7,"5":0},"b":{"0":[2,26]},"_coverageSchema":"43e27e138ebf9cfc5966b082cf9a028302ed4184","hash":"0b90f8d48dc9b24d796d6d3e2fb3191c2cd6989a"}
,"/var/www/html/alvineandersson.se/public_html/src/components/projects/Project.js": {"path":"/var/www/html/alvineandersson.se/public_html/src/components/projects/Project.js","statementMap":{"0":{"start":{"line":10,"column":4},"end":{"line":10,"column":54}},"1":{"start":{"line":15,"column":35},"end":{"line":15,"column":45}},"2":{"start":{"line":17,"column":4},"end":{"line":42,"column":6}},"3":{"start":{"line":25,"column":10},"end":{"line":38,"column":17}},"4":{"start":{"line":46,"column":0},"end":{"line":49,"column":1}}},"fnMap":{"0":{"name":"(anonymous_0)","decl":{"start":{"line":9,"column":23},"end":{"line":9,"column":24}},"loc":{"start":{"line":9,"column":36},"end":{"line":11,"column":3}},"line":9},"1":{"name":"(anonymous_1)","decl":{"start":{"line":13,"column":2},"end":{"line":13,"column":3}},"loc":{"start":{"line":13,"column":11},"end":{"line":43,"column":3}},"line":13},"2":{"name":"(anonymous_2)","decl":{"start":{"line":23,"column":9},"end":{"line":23,"column":10}},"loc":{"start":{"line":25,"column":10},"end":{"line":38,"column":17}},"line":25}},"branchMap":{"0":{"loc":{"start":{"line":25,"column":113},"end":{"line":25,"column":148}},"type":"cond-expr","locations":[{"start":{"line":25,"column":125},"end":{"line":25,"column":134}},{"start":{"line":25,"column":137},"end":{"line":25,"column":148}}],"line":25}},"s":{"0":1,"1":8,"2":8,"3":5,"4":3},"f":{"0":1,"1":8,"2":5},"b":{"0":[0,5]},"_coverageSchema":"43e27e138ebf9cfc5966b082cf9a028302ed4184","hash":"13e685c2116a3fe62bf2c0a0948da621ed78f21e"}
,"/var/www/html/alvineandersson.se/public_html/src/components/projects/ProjectPage.js": {"path":"/var/www/html/alvineandersson.se/public_html/src/components/projects/ProjectPage.js","statementMap":{"0":{"start":{"line":7,"column":20},"end":{"line":54,"column":1}},"1":{"start":{"line":9,"column":22},"end":{"line":9,"column":55}},"2":{"start":{"line":11,"column":2},"end":{"line":53,"column":4}},"3":{"start":{"line":29,"column":52},"end":{"line":34,"column":13}},"4":{"start":{"line":56,"column":0},"end":{"line":59,"column":1}}},"fnMap":{"0":{"name":"(anonymous_0)","decl":{"start":{"line":7,"column":20},"end":{"line":7,"column":21}},"loc":{"start":{"line":7,"column":45},"end":{"line":54,"column":1}},"line":7},"1":{"name":"(anonymous_1)","decl":{"start":{"line":29,"column":32},"end":{"line":29,"column":33}},"loc":{"start":{"line":29,"column":50},"end":{"line":34,"column":14}},"line":29}},"branchMap":{"0":{"loc":{"start":{"line":28,"column":11},"end":{"line":34,"column":15}},"type":"binary-expr","locations":[{"start":{"line":28,"column":11},"end":{"line":28,"column":26}},{"start":{"line":29,"column":12},"end":{"line":34,"column":15}}],"line":28},"1":{"loc":{"start":{"line":40,"column":13},"end":{"line":40,"column":117}},"type":"binary-expr","locations":[{"start":{"line":40,"column":13},"end":{"line":40,"column":29}},{"start":{"line":40,"column":33},"end":{"line":40,"column":117}}],"line":40},"2":{"loc":{"start":{"line":41,"column":13},"end":{"line":41,"column":113}},"type":"binary-expr","locations":[{"start":{"line":41,"column":13},"end":{"line":41,"column":27}},{"start":{"line":41,"column":31},"end":{"line":41,"column":113}}],"line":41},"3":{"loc":{"start":{"line":42,"column":13},"end":{"line":42,"column":124}},"type":"binary-expr","locations":[{"start":{"line":42,"column":13},"end":{"line":42,"column":25}},{"start":{"line":42,"column":29},"end":{"line":42,"column":45}},{"start":{"line":42,"column":49},"end":{"line":42,"column":124}}],"line":42},"4":{"loc":{"start":{"line":46,"column":11},"end":{"line":47,"column":63}},"type":"binary-expr","locations":[{"start":{"line":46,"column":11},"end":{"line":46,"column":22}},{"start":{"line":47,"column":12},"end":{"line":47,"column":63}}],"line":46}},"s":{"0":1,"1":8,"2":8,"3":13,"4":1},"f":{"0":8,"1":13},"b":{"0":[8,8],"1":[8,8],"2":[8,0],"3":[8,8,8],"4":[8,8]},"_coverageSchema":"43e27e138ebf9cfc5966b082cf9a028302ed4184","hash":"91bb8ff051b4da4f3816c0ebf6e869fe03e19815"}
,"/var/www/html/alvineandersson.se/public_html/src/components/projects/Projects.js": {"path":"/var/www/html/alvineandersson.se/public_html/src/components/projects/Projects.js","statementMap":{"0":{"start":{"line":7,"column":17},"end":{"line":33,"column":1}},"1":{"start":{"line":9,"column":2},"end":{"line":31,"column":4}},"2":{"start":{"line":19,"column":12},"end":{"line":25,"column":13}},"3":{"start":{"line":19,"column":67},"end":{"line":19,"column":96}},"4":{"start":{"line":20,"column":14},"end":{"line":24,"column":15}},"5":{"start":{"line":38,"column":2},"end":{"line":42,"column":3}}},"fnMap":{"0":{"name":"(anonymous_0)","decl":{"start":{"line":7,"column":17},"end":{"line":7,"column":18}},"loc":{"start":{"line":7,"column":59},"end":{"line":33,"column":1}},"line":7},"1":{"name":"(anonymous_1)","decl":{"start":{"line":18,"column":24},"end":{"line":18,"column":25}},"loc":{"start":{"line":18,"column":40},"end":{"line":26,"column":11}},"line":18},"2":{"name":"(anonymous_2)","decl":{"start":{"line":19,"column":62},"end":{"line":19,"column":63}},"loc":{"start":{"line":19,"column":67},"end":{"line":19,"column":96}},"line":19},"3":{"name":"mapStateToProps","decl":{"start":{"line":37,"column":9},"end":{"line":37,"column":24}},"loc":{"start":{"line":37,"column":32},"end":{"line":43,"column":1}},"line":37}},"branchMap":{"0":{"loc":{"start":{"line":19,"column":12},"end":{"line":25,"column":13}},"type":"if","locations":[{"start":{"line":19,"column":12},"end":{"line":25,"column":13}},{"start":{"line":19,"column":12},"end":{"line":25,"column":13}}],"line":19},"1":{"loc":{"start":{"line":19,"column":15},"end":{"line":19,"column":97}},"type":"binary-expr","locations":[{"start":{"line":19,"column":15},"end":{"line":19,"column":40}},{"start":{"line":19,"column":44},"end":{"line":19,"column":97}}],"line":19}},"s":{"0":1,"1":6,"2":66,"3":15,"4":61,"5":7},"f":{"0":6,"1":66,"2":15,"3":7},"b":{"0":[61,5],"1":[66,11]},"_coverageSchema":"43e27e138ebf9cfc5966b082cf9a028302ed4184","hash":"18ef3ba31c3b1692a35c7c69c8d059081007f281"}
,"/var/www/html/alvineandersson.se/public_html/src/components/services/Service.js": {"path":"/var/www/html/alvineandersson.se/public_html/src/components/services/Service.js","statementMap":{"0":{"start":{"line":10,"column":4},"end":{"line":10,"column":54}},"1":{"start":{"line":15,"column":31},"end":{"line":15,"column":41}},"2":{"start":{"line":17,"column":4},"end":{"line":32,"column":6}},"3":{"start":{"line":25,"column":8},"end":{"line":28,"column":14}},"4":{"start":{"line":36,"column":0},"end":{"line":39,"column":1}}},"fnMap":{"0":{"name":"(anonymous_0)","decl":{"start":{"line":9,"column":23},"end":{"line":9,"column":24}},"loc":{"start":{"line":9,"column":36},"end":{"line":11,"column":3}},"line":9},"1":{"name":"(anonymous_1)","decl":{"start":{"line":13,"column":2},"end":{"line":13,"column":3}},"loc":{"start":{"line":13,"column":11},"end":{"line":33,"column":3}},"line":13},"2":{"name":"(anonymous_2)","decl":{"start":{"line":23,"column":7},"end":{"line":23,"column":8}},"loc":{"start":{"line":25,"column":8},"end":{"line":28,"column":14}},"line":25}},"branchMap":{"0":{"loc":{"start":{"line":25,"column":65},"end":{"line":25,"column":99}},"type":"cond-expr","locations":[{"start":{"line":25,"column":77},"end":{"line":25,"column":86}},{"start":{"line":25,"column":88},"end":{"line":25,"column":99}}],"line":25}},"s":{"0":1,"1":7,"2":7,"3":4,"4":2},"f":{"0":1,"1":7,"2":4},"b":{"0":[0,4]},"_coverageSchema":"43e27e138ebf9cfc5966b082cf9a028302ed4184","hash":"a4c6f480e79d20867322fe4ce91efe58cc829845"}
,"/var/www/html/alvineandersson.se/public_html/src/components/services/Services.js": {"path":"/var/www/html/alvineandersson.se/public_html/src/components/services/Services.js","statementMap":{"0":{"start":{"line":4,"column":17},"end":{"line":29,"column":1}},"1":{"start":{"line":6,"column":2},"end":{"line":27,"column":4}}},"fnMap":{"0":{"name":"(anonymous_0)","decl":{"start":{"line":4,"column":17},"end":{"line":4,"column":18}},"loc":{"start":{"line":4,"column":23},"end":{"line":29,"column":1}},"line":4}},"branchMap":{},"s":{"0":1,"1":3},"f":{"0":3},"b":{},"_coverageSchema":"43e27e138ebf9cfc5966b082cf9a028302ed4184","hash":"220768929355f0616c50e265b36731b1aa6dc2f6"}
,"/var/www/html/alvineandersson.se/public_html/src/components/skills/Skills.js": {"path":"/var/www/html/alvineandersson.se/public_html/src/components/skills/Skills.js","statementMap":{"0":{"start":{"line":3,"column":15},"end":{"line":61,"column":1}},"1":{"start":{"line":5,"column":2},"end":{"line":59,"column":4}}},"fnMap":{"0":{"name":"(anonymous_0)","decl":{"start":{"line":3,"column":15},"end":{"line":3,"column":16}},"loc":{"start":{"line":3,"column":21},"end":{"line":61,"column":1}},"line":3}},"branchMap":{},"s":{"0":1,"1":2},"f":{"0":2},"b":{},"_coverageSchema":"43e27e138ebf9cfc5966b082cf9a028302ed4184","hash":"7412ce994076c4f31fc87ea216abf055394efb41"}
,"/var/www/html/alvineandersson.se/public_html/src/helpers/index.js": {"path":"/var/www/html/alvineandersson.se/public_html/src/helpers/index.js","statementMap":{"0":{"start":{"line":6,"column":29},"end":{"line":13,"column":1}},"1":{"start":{"line":7,"column":20},"end":{"line":7,"column":22}},"2":{"start":{"line":8,"column":2},"end":{"line":10,"column":4}},"3":{"start":{"line":9,"column":4},"end":{"line":9,"column":51}},"4":{"start":{"line":11,"column":16},"end":{"line":11,"column":41}},"5":{"start":{"line":12,"column":2},"end":{"line":12,"column":16}},"6":{"start":{"line":15,"column":33},"end":{"line":23,"column":1}},"7":{"start":{"line":16,"column":20},"end":{"line":16,"column":22}},"8":{"start":{"line":17,"column":2},"end":{"line":21,"column":3}},"9":{"start":{"line":18,"column":4},"end":{"line":18,"column":67}},"10":{"start":{"line":18,"column":47},"end":{"line":18,"column":66}},"11":{"start":{"line":20,"column":4},"end":{"line":20,"column":48}},"12":{"start":{"line":22,"column":2},"end":{"line":22,"column":21}},"13":{"start":{"line":25,"column":30},"end":{"line":34,"column":1}},"14":{"start":{"line":26,"column":20},"end":{"line":26,"column":22}},"15":{"start":{"line":27,"column":14},"end":{"line":27,"column":39}},"16":{"start":{"line":28,"column":2},"end":{"line":32,"column":3}},"17":{"start":{"line":29,"column":4},"end":{"line":29,"column":36}},"18":{"start":{"line":30,"column":9},"end":{"line":32,"column":3}},"19":{"start":{"line":31,"column":4},"end":{"line":31,"column":29}},"20":{"start":{"line":33,"column":2},"end":{"line":33,"column":21}}},"fnMap":{"0":{"name":"(anonymous_0)","decl":{"start":{"line":6,"column":29},"end":{"line":6,"column":30}},"loc":{"start":{"line":6,"column":43},"end":{"line":13,"column":1}},"line":6},"1":{"name":"(anonymous_1)","decl":{"start":{"line":8,"column":15},"end":{"line":8,"column":16}},"loc":{"start":{"line":8,"column":31},"end":{"line":10,"column":3}},"line":8},"2":{"name":"(anonymous_2)","decl":{"start":{"line":15,"column":33},"end":{"line":15,"column":34}},"loc":{"start":{"line":15,"column":64},"end":{"line":23,"column":1}},"line":15},"3":{"name":"(anonymous_3)","decl":{"start":{"line":18,"column":39},"end":{"line":18,"column":40}},"loc":{"start":{"line":18,"column":47},"end":{"line":18,"column":66}},"line":18},"4":{"name":"(anonymous_4)","decl":{"start":{"line":25,"column":30},"end":{"line":25,"column":31}},"loc":{"start":{"line":25,"column":53},"end":{"line":34,"column":1}},"line":25}},"branchMap":{"0":{"loc":{"start":{"line":17,"column":2},"end":{"line":21,"column":3}},"type":"if","locations":[{"start":{"line":17,"column":2},"end":{"line":21,"column":3}},{"start":{"line":17,"column":2},"end":{"line":21,"column":3}}],"line":17},"1":{"loc":{"start":{"line":28,"column":2},"end":{"line":32,"column":3}},"type":"if","locations":[{"start":{"line":28,"column":2},"end":{"line":32,"column":3}},{"start":{"line":28,"column":2},"end":{"line":32,"column":3}}],"line":28},"2":{"loc":{"start":{"line":28,"column":5},"end":{"line":28,"column":45}},"type":"binary-expr","locations":[{"start":{"line":28,"column":5},"end":{"line":28,"column":15}},{"start":{"line":28,"column":19},"end":{"line":28,"column":45}}],"line":28},"3":{"loc":{"start":{"line":30,"column":9},"end":{"line":32,"column":3}},"type":"if","locations":[{"start":{"line":30,"column":9},"end":{"line":32,"column":3}},{"start":{"line":30,"column":9},"end":{"line":32,"column":3}}],"line":30},"4":{"loc":{"start":{"line":30,"column":12},"end":{"line":30,"column":52}},"type":"binary-expr","locations":[{"start":{"line":30,"column":12},"end":{"line":30,"column":21}},{"start":{"line":30,"column":25},"end":{"line":30,"column":52}}],"line":30}},"s":{"0":6,"1":8,"2":8,"3":88,"4":8,"5":8,"6":6,"7":4,"8":4,"9":2,"10":4,"11":2,"12":4,"13":6,"14":8,"15":8,"16":8,"17":6,"18":2,"19":0,"20":8},"f":{"0":8,"1":88,"2":4,"3":4,"4":8},"b":{"0":[2,2],"1":[6,2],"2":[8,6],"3":[0,2],"4":[2,0]},"_coverageSchema":"43e27e138ebf9cfc5966b082cf9a028302ed4184","hash":"abef1c43161c0e15b4304059e627430834db08f8"}
,"/var/www/html/alvineandersson.se/public_html/src/reducers/animationReducer.js": {"path":"/var/www/html/alvineandersson.se/public_html/src/reducers/animationReducer.js","statementMap":{"0":{"start":{"line":3,"column":21},"end":{"line":3,"column":39}},"1":{"start":{"line":5,"column":18},"end":{"line":18,"column":1}},"2":{"start":{"line":7,"column":2},"end":{"line":17,"column":3}},"3":{"start":{"line":10,"column":6},"end":{"line":13,"column":7}},"4":{"start":{"line":16,"column":6},"end":{"line":16,"column":18}}},"fnMap":{"0":{"name":"(anonymous_0)","decl":{"start":{"line":5,"column":18},"end":{"line":5,"column":19}},"loc":{"start":{"line":5,"column":52},"end":{"line":18,"column":1}},"line":5}},"branchMap":{"0":{"loc":{"start":{"line":5,"column":19},"end":{"line":5,"column":39}},"type":"default-arg","locations":[{"start":{"line":5,"column":27},"end":{"line":5,"column":39}}],"line":5},"1":{"loc":{"start":{"line":7,"column":2},"end":{"line":17,"column":3}},"type":"switch","locations":[{"start":{"line":9,"column":4},"end":{"line":13,"column":7}},{"start":{"line":15,"column":4},"end":{"line":16,"column":18}}],"line":7}},"s":{"0":15,"1":15,"2":63,"3":4,"4":59},"f":{"0":63},"b":{"0":[50],"1":[4,59]},"_coverageSchema":"43e27e138ebf9cfc5966b082cf9a028302ed4184","hash":"f57d6a0306e57d4238b6adee5674303aa0447e80"}
,"/var/www/html/alvineandersson.se/public_html/src/reducers/index.js": {"path":"/var/www/html/alvineandersson.se/public_html/src/reducers/index.js","statementMap":{},"fnMap":{},"branchMap":{},"s":{},"f":{},"b":{},"_coverageSchema":"43e27e138ebf9cfc5966b082cf9a028302ed4184","hash":"5f0f2e08728c492117f9b28a87ea4f6758af1eac"}
,"/var/www/html/alvineandersson.se/public_html/src/reducers/matchReducer.js": {"path":"/var/www/html/alvineandersson.se/public_html/src/reducers/matchReducer.js","statementMap":{"0":{"start":{"line":4,"column":21},"end":{"line":4,"column":47}},"1":{"start":{"line":6,"column":21},"end":{"line":25,"column":1}},"2":{"start":{"line":8,"column":2},"end":{"line":24,"column":3}},"3":{"start":{"line":11,"column":6},"end":{"line":14,"column":7}},"4":{"start":{"line":17,"column":6},"end":{"line":20,"column":7}},"5":{"start":{"line":23,"column":6},"end":{"line":23,"column":18}}},"fnMap":{"0":{"name":"(anonymous_0)","decl":{"start":{"line":6,"column":21},"end":{"line":6,"column":22}},"loc":{"start":{"line":6,"column":55},"end":{"line":25,"column":1}},"line":6}},"branchMap":{"0":{"loc":{"start":{"line":6,"column":22},"end":{"line":6,"column":42}},"type":"default-arg","locations":[{"start":{"line":6,"column":30},"end":{"line":6,"column":42}}],"line":6},"1":{"loc":{"start":{"line":8,"column":2},"end":{"line":24,"column":3}},"type":"switch","locations":[{"start":{"line":10,"column":4},"end":{"line":14,"column":7}},{"start":{"line":16,"column":4},"end":{"line":20,"column":7}},{"start":{"line":22,"column":4},"end":{"line":23,"column":18}}],"line":8}},"s":{"0":15,"1":15,"2":63,"3":1,"4":1,"5":61},"f":{"0":63},"b":{"0":[48],"1":[1,1,61]},"_coverageSchema":"43e27e138ebf9cfc5966b082cf9a028302ed4184","hash":"54d2a9c37f1050d28f4ccc08a7f2919aa36a0f46"}
,"/var/www/html/alvineandersson.se/public_html/src/reducers/projectsReducer.js": {"path":"/var/www/html/alvineandersson.se/public_html/src/reducers/projectsReducer.js","statementMap":{"0":{"start":{"line":4,"column":21},"end":{"line":7,"column":1}},"1":{"start":{"line":9,"column":24},"end":{"line":22,"column":1}},"2":{"start":{"line":11,"column":2},"end":{"line":21,"column":3}},"3":{"start":{"line":14,"column":6},"end":{"line":17,"column":7}},"4":{"start":{"line":20,"column":6},"end":{"line":20,"column":18}}},"fnMap":{"0":{"name":"(anonymous_0)","decl":{"start":{"line":9,"column":24},"end":{"line":9,"column":25}},"loc":{"start":{"line":9,"column":58},"end":{"line":22,"column":1}},"line":9}},"branchMap":{"0":{"loc":{"start":{"line":9,"column":25},"end":{"line":9,"column":45}},"type":"default-arg","locations":[{"start":{"line":9,"column":33},"end":{"line":9,"column":45}}],"line":9},"1":{"loc":{"start":{"line":11,"column":2},"end":{"line":21,"column":3}},"type":"switch","locations":[{"start":{"line":13,"column":4},"end":{"line":17,"column":7}},{"start":{"line":19,"column":4},"end":{"line":20,"column":18}}],"line":11}},"s":{"0":15,"1":15,"2":63,"3":4,"4":59},"f":{"0":63},"b":{"0":[39],"1":[4,59]},"_coverageSchema":"43e27e138ebf9cfc5966b082cf9a028302ed4184","hash":"454b2b7ada4884cbb16ba553b37c5b81d79b81b0"}
,"/var/www/html/alvineandersson.se/public_html/test/testUtils.js": {"path":"/var/www/html/alvineandersson.se/public_html/test/testUtils.js","statementMap":{"0":{"start":{"line":7,"column":28},"end":{"line":10,"column":1}},"1":{"start":{"line":8,"column":36},"end":{"line":8,"column":80}},"2":{"start":{"line":9,"column":2},"end":{"line":9,"column":61}},"3":{"start":{"line":12,"column":30},"end":{"line":14,"column":1}},"4":{"start":{"line":13,"column":2},"end":{"line":13,"column":46}},"5":{"start":{"line":16,"column":26},"end":{"line":19,"column":1}},"6":{"start":{"line":17,"column":20},"end":{"line":17,"column":96}},"7":{"start":{"line":18,"column":2},"end":{"line":18,"column":36}}},"fnMap":{"0":{"name":"(anonymous_0)","decl":{"start":{"line":7,"column":28},"end":{"line":7,"column":29}},"loc":{"start":{"line":7,"column":46},"end":{"line":10,"column":1}},"line":7},"1":{"name":"(anonymous_1)","decl":{"start":{"line":12,"column":30},"end":{"line":12,"column":31}},"loc":{"start":{"line":12,"column":48},"end":{"line":14,"column":1}},"line":12},"2":{"name":"(anonymous_2)","decl":{"start":{"line":16,"column":26},"end":{"line":16,"column":27}},"loc":{"start":{"line":16,"column":58},"end":{"line":19,"column":1}},"line":16}},"branchMap":{},"s":{"0":15,"1":27,"2":27,"3":15,"4":41,"5":15,"6":8,"7":8},"f":{"0":27,"1":41,"2":8},"b":{},"_coverageSchema":"43e27e138ebf9cfc5966b082cf9a028302ed4184","hash":"5cc5f18e971999a4d60bfa071aabb8d66abc6e71"}
}
