{"/var/www/html/alvineandersson.se/public_html/src/configureStore.js": {"path":"/var/www/html/alvineandersson.se/public_html/src/configureStore.js","statementMap":{"0":{"start":{"line":23,"column":27},"end":{"line":23,"column":39}},"1":{"start":{"line":26,"column":2},"end":{"line":32,"column":3}}},"fnMap":{"0":{"name":"configureStore","decl":{"start":{"line":25,"column":24},"end":{"line":25,"column":38}},"loc":{"start":{"line":25,"column":55},"end":{"line":33,"column":1}},"line":25}},"branchMap":{},"s":{"0":11,"1":0},"f":{"0":0},"b":{},"_coverageSchema":"43e27e138ebf9cfc5966b082cf9a028302ed4184","hash":"678ba224d3e8a9f9951652f6b26bee836cd21af8"}
,"/var/www/html/alvineandersson.se/public_html/src/actions/index.js": {"path":"/var/www/html/alvineandersson.se/public_html/src/actions/index.js","statementMap":{"0":{"start":{"line":6,"column":2},"end":{"line":42,"column":3}},"1":{"start":{"line":8,"column":30},"end":{"line":8,"column":57}},"2":{"start":{"line":9,"column":25},"end":{"line":9,"column":47}},"3":{"start":{"line":11,"column":4},"end":{"line":35,"column":5}},"4":{"start":{"line":12,"column":6},"end":{"line":24,"column":8}},"5":{"start":{"line":13,"column":8},"end":{"line":20,"column":9}},"6":{"start":{"line":14,"column":10},"end":{"line":14,"column":33}},"7":{"start":{"line":15,"column":10},"end":{"line":19,"column":12}},"8":{"start":{"line":16,"column":12},"end":{"line":18,"column":13}},"9":{"start":{"line":17,"column":14},"end":{"line":17,"column":31}},"10":{"start":{"line":21,"column":8},"end":{"line":23,"column":9}},"11":{"start":{"line":22,"column":10},"end":{"line":22,"column":29}},"12":{"start":{"line":26,"column":6},"end":{"line":34,"column":8}},"13":{"start":{"line":27,"column":8},"end":{"line":27,"column":30}},"14":{"start":{"line":28,"column":8},"end":{"line":28,"column":29}},"15":{"start":{"line":29,"column":8},"end":{"line":33,"column":9}},"16":{"start":{"line":30,"column":10},"end":{"line":32,"column":12}},"17":{"start":{"line":31,"column":12},"end":{"line":31,"column":31}},"18":{"start":{"line":37,"column":4},"end":{"line":40,"column":6}},"19":{"start":{"line":48,"column":2},"end":{"line":58,"column":3}},"20":{"start":{"line":50,"column":26},"end":{"line":50,"column":59}},"21":{"start":{"line":51,"column":24},"end":{"line":51,"column":68}},"22":{"start":{"line":53,"column":4},"end":{"line":56,"column":6}}},"fnMap":{"0":{"name":"matchMaking","decl":{"start":{"line":5,"column":16},"end":{"line":5,"column":27}},"loc":{"start":{"line":5,"column":73},"end":{"line":43,"column":1}},"line":5},"1":{"name":"(anonymous_1)","decl":{"start":{"line":6,"column":9},"end":{"line":6,"column":10}},"loc":{"start":{"line":6,"column":39},"end":{"line":42,"column":3}},"line":6},"2":{"name":"(anonymous_2)","decl":{"start":{"line":12,"column":25},"end":{"line":12,"column":26}},"loc":{"start":{"line":12,"column":33},"end":{"line":24,"column":7}},"line":12},"3":{"name":"(anonymous_3)","decl":{"start":{"line":15,"column":32},"end":{"line":15,"column":33}},"loc":{"start":{"line":15,"column":39},"end":{"line":19,"column":11}},"line":15},"4":{"name":"(anonymous_4)","decl":{"start":{"line":26,"column":25},"end":{"line":26,"column":26}},"loc":{"start":{"line":26,"column":33},"end":{"line":34,"column":7}},"line":26},"5":{"name":"(anonymous_5)","decl":{"start":{"line":30,"column":32},"end":{"line":30,"column":33}},"loc":{"start":{"line":30,"column":39},"end":{"line":32,"column":11}},"line":30},"6":{"name":"filterProjects","decl":{"start":{"line":47,"column":16},"end":{"line":47,"column":30}},"loc":{"start":{"line":47,"column":43},"end":{"line":59,"column":1}},"line":47},"7":{"name":"(anonymous_7)","decl":{"start":{"line":48,"column":9},"end":{"line":48,"column":10}},"loc":{"start":{"line":48,"column":33},"end":{"line":58,"column":3}},"line":48}},"branchMap":{"0":{"loc":{"start":{"line":11,"column":4},"end":{"line":35,"column":5}},"type":"if","locations":[{"start":{"line":11,"column":4},"end":{"line":35,"column":5}},{"start":{"line":11,"column":4},"end":{"line":35,"column":5}}],"line":11},"1":{"loc":{"start":{"line":13,"column":8},"end":{"line":20,"column":9}},"type":"if","locations":[{"start":{"line":13,"column":8},"end":{"line":20,"column":9}},{"start":{"line":13,"column":8},"end":{"line":20,"column":9}}],"line":13},"2":{"loc":{"start":{"line":16,"column":12},"end":{"line":18,"column":13}},"type":"if","locations":[{"start":{"line":16,"column":12},"end":{"line":18,"column":13}},{"start":{"line":16,"column":12},"end":{"line":18,"column":13}}],"line":16},"3":{"loc":{"start":{"line":21,"column":8},"end":{"line":23,"column":9}},"type":"if","locations":[{"start":{"line":21,"column":8},"end":{"line":23,"column":9}},{"start":{"line":21,"column":8},"end":{"line":23,"column":9}}],"line":21},"4":{"loc":{"start":{"line":29,"column":8},"end":{"line":33,"column":9}},"type":"if","locations":[{"start":{"line":29,"column":8},"end":{"line":33,"column":9}},{"start":{"line":29,"column":8},"end":{"line":33,"column":9}}],"line":29}},"s":{"0":0,"1":0,"2":0,"3":0,"4":0,"5":0,"6":0,"7":0,"8":0,"9":0,"10":0,"11":0,"12":0,"13":0,"14":0,"15":0,"16":0,"17":0,"18":0,"19":4,"20":4,"21":4,"22":4},"f":{"0":0,"1":0,"2":0,"3":0,"4":0,"5":0,"6":4,"7":4},"b":{"0":[0,0],"1":[0,0],"2":[0,0],"3":[0,0],"4":[0,0]},"_coverageSchema":"43e27e138ebf9cfc5966b082cf9a028302ed4184","hash":"f049812a25426a7fc4a8d2e48a01fb166a81a9f5"}
,"/var/www/html/alvineandersson.se/public_html/src/actions/types.js": {"path":"/var/www/html/alvineandersson.se/public_html/src/actions/types.js","statementMap":{"0":{"start":{"line":1,"column":31},"end":{"line":1,"column":48}},"1":{"start":{"line":2,"column":27},"end":{"line":2,"column":40}}},"fnMap":{},"branchMap":{},"s":{"0":14,"1":14},"f":{},"b":{},"_coverageSchema":"43e27e138ebf9cfc5966b082cf9a028302ed4184","hash":"eb3f04b9c3b0751559bfaf0902912b375e53ab0b"}
,"/var/www/html/alvineandersson.se/public_html/src/components/common/JumpingTitle.js": {"path":"/var/www/html/alvineandersson.se/public_html/src/components/common/JumpingTitle.js","statementMap":{"0":{"start":{"line":10,"column":4},"end":{"line":10,"column":54}},"1":{"start":{"line":15,"column":22},"end":{"line":15,"column":32}},"2":{"start":{"line":17,"column":4},"end":{"line":40,"column":6}},"3":{"start":{"line":26,"column":12},"end":{"line":35,"column":17}},"4":{"start":{"line":28,"column":30},"end":{"line":28,"column":35}},"5":{"start":{"line":29,"column":33},"end":{"line":29,"column":45}},"6":{"start":{"line":30,"column":30},"end":{"line":30,"column":94}},"7":{"start":{"line":31,"column":16},"end":{"line":33,"column":17}},"8":{"start":{"line":44,"column":0},"end":{"line":46,"column":1}}},"fnMap":{"0":{"name":"(anonymous_0)","decl":{"start":{"line":9,"column":23},"end":{"line":9,"column":24}},"loc":{"start":{"line":9,"column":36},"end":{"line":11,"column":3}},"line":9},"1":{"name":"(anonymous_1)","decl":{"start":{"line":13,"column":2},"end":{"line":13,"column":3}},"loc":{"start":{"line":13,"column":11},"end":{"line":41,"column":3}},"line":13},"2":{"name":"(anonymous_2)","decl":{"start":{"line":24,"column":11},"end":{"line":24,"column":12}},"loc":{"start":{"line":26,"column":12},"end":{"line":35,"column":17}},"line":26},"3":{"name":"(anonymous_3)","decl":{"start":{"line":27,"column":35},"end":{"line":27,"column":36}},"loc":{"start":{"line":27,"column":50},"end":{"line":34,"column":15}},"line":27}},"branchMap":{"0":{"loc":{"start":{"line":26,"column":59},"end":{"line":26,"column":120}},"type":"cond-expr","locations":[{"start":{"line":26,"column":71},"end":{"line":26,"column":93}},{"start":{"line":26,"column":96},"end":{"line":26,"column":120}}],"line":26}},"s":{"0":0,"1":1,"2":1,"3":0,"4":0,"5":0,"6":0,"7":0,"8":2},"f":{"0":0,"1":1,"2":0,"3":0},"b":{"0":[0,0]},"_coverageSchema":"43e27e138ebf9cfc5966b082cf9a028302ed4184","hash":"4717b6153cc71908064fbcd6c716778946f3d6fc"}
,"/var/www/html/alvineandersson.se/public_html/src/components/footer/Footer.js": {"path":"/var/www/html/alvineandersson.se/public_html/src/components/footer/Footer.js","statementMap":{"0":{"start":{"line":3,"column":15},"end":{"line":21,"column":1}},"1":{"start":{"line":5,"column":2},"end":{"line":19,"column":4}}},"fnMap":{"0":{"name":"(anonymous_0)","decl":{"start":{"line":3,"column":15},"end":{"line":3,"column":16}},"loc":{"start":{"line":3,"column":21},"end":{"line":21,"column":1}},"line":3}},"branchMap":{},"s":{"0":1,"1":4},"f":{"0":4},"b":{},"_coverageSchema":"43e27e138ebf9cfc5966b082cf9a028302ed4184","hash":"68fcd534dd6f36b6bb68139b0cea47a810a5f54e"}
,"/var/www/html/alvineandersson.se/public_html/src/components/header/Header.js": {"path":"/var/www/html/alvineandersson.se/public_html/src/components/header/Header.js","statementMap":{"0":{"start":{"line":5,"column":15},"end":{"line":92,"column":1}},"1":{"start":{"line":7,"column":2},"end":{"line":91,"column":2}},"2":{"start":{"line":94,"column":0},"end":{"line":96,"column":1}}},"fnMap":{"0":{"name":"(anonymous_0)","decl":{"start":{"line":5,"column":15},"end":{"line":5,"column":16}},"loc":{"start":{"line":5,"column":30},"end":{"line":92,"column":1}},"line":5}},"branchMap":{},"s":{"0":1,"1":3,"2":1},"f":{"0":3},"b":{},"_coverageSchema":"43e27e138ebf9cfc5966b082cf9a028302ed4184","hash":"0d2a3b85385251a8bda9eb7d0da71a99ee7dd6dd"}
,"/var/www/html/alvineandersson.se/public_html/src/components/matchmaking/MatchItem.js": {"path":"/var/www/html/alvineandersson.se/public_html/src/components/matchmaking/MatchItem.js","statementMap":{"0":{"start":{"line":8,"column":32},"end":{"line":8,"column":42}},"1":{"start":{"line":10,"column":4},"end":{"line":69,"column":5}},"2":{"start":{"line":12,"column":6},"end":{"line":35,"column":7}},"3":{"start":{"line":16,"column":56},"end":{"line":23,"column":13}},"4":{"start":{"line":19,"column":31},"end":{"line":19,"column":85}},"5":{"start":{"line":25,"column":56},"end":{"line":31,"column":13}},"6":{"start":{"line":37,"column":11},"end":{"line":69,"column":5}},"7":{"start":{"line":39,"column":6},"end":{"line":55,"column":7}},"8":{"start":{"line":44,"column":57},"end":{"line":51,"column":13}},"9":{"start":{"line":47,"column":31},"end":{"line":47,"column":108}},"10":{"start":{"line":59,"column":6},"end":{"line":67,"column":7}},"11":{"start":{"line":65,"column":29},"end":{"line":65,"column":61}}},"fnMap":{"0":{"name":"(anonymous_0)","decl":{"start":{"line":6,"column":2},"end":{"line":6,"column":3}},"loc":{"start":{"line":6,"column":10},"end":{"line":71,"column":3}},"line":6},"1":{"name":"(anonymous_1)","decl":{"start":{"line":16,"column":34},"end":{"line":16,"column":35}},"loc":{"start":{"line":16,"column":54},"end":{"line":23,"column":14}},"line":16},"2":{"name":"(anonymous_2)","decl":{"start":{"line":19,"column":25},"end":{"line":19,"column":26}},"loc":{"start":{"line":19,"column":31},"end":{"line":19,"column":85}},"line":19},"3":{"name":"(anonymous_3)","decl":{"start":{"line":25,"column":34},"end":{"line":25,"column":35}},"loc":{"start":{"line":25,"column":54},"end":{"line":31,"column":14}},"line":25},"4":{"name":"(anonymous_4)","decl":{"start":{"line":44,"column":35},"end":{"line":44,"column":36}},"loc":{"start":{"line":44,"column":55},"end":{"line":51,"column":14}},"line":44},"5":{"name":"(anonymous_5)","decl":{"start":{"line":47,"column":25},"end":{"line":47,"column":26}},"loc":{"start":{"line":47,"column":31},"end":{"line":47,"column":108}},"line":47},"6":{"name":"(anonymous_6)","decl":{"start":{"line":65,"column":23},"end":{"line":65,"column":24}},"loc":{"start":{"line":65,"column":29},"end":{"line":65,"column":61}},"line":65}},"branchMap":{"0":{"loc":{"start":{"line":10,"column":4},"end":{"line":69,"column":5}},"type":"if","locations":[{"start":{"line":10,"column":4},"end":{"line":69,"column":5}},{"start":{"line":10,"column":4},"end":{"line":69,"column":5}}],"line":10},"1":{"loc":{"start":{"line":15,"column":11},"end":{"line":32,"column":11}},"type":"cond-expr","locations":[{"start":{"line":16,"column":12},"end":{"line":23,"column":15}},{"start":{"line":25,"column":12},"end":{"line":31,"column":15}}],"line":15},"2":{"loc":{"start":{"line":37,"column":11},"end":{"line":69,"column":5}},"type":"if","locations":[{"start":{"line":37,"column":11},"end":{"line":69,"column":5}},{"start":{"line":37,"column":11},"end":{"line":69,"column":5}}],"line":37}},"s":{"0":1,"1":1,"2":1,"3":2,"4":1,"5":0,"6":0,"7":0,"8":0,"9":0,"10":0,"11":0},"f":{"0":1,"1":2,"2":1,"3":0,"4":0,"5":0,"6":0},"b":{"0":[1,0],"1":[1,0],"2":[0,0]},"_coverageSchema":"43e27e138ebf9cfc5966b082cf9a028302ed4184","hash":"7887392125d10a73bbfc933bd61ae8b91a93dba9"}
,"/var/www/html/alvineandersson.se/public_html/src/components/projects/Filters.js": {"path":"/var/www/html/alvineandersson.se/public_html/src/components/projects/Filters.js","statementMap":{"0":{"start":{"line":6,"column":16},"end":{"line":24,"column":1}},"1":{"start":{"line":8,"column":16},"end":{"line":8,"column":39}},"2":{"start":{"line":10,"column":2},"end":{"line":23,"column":4}},"3":{"start":{"line":12,"column":40},"end":{"line":21,"column":7}},"4":{"start":{"line":16,"column":25},"end":{"line":16,"column":51}},"5":{"start":{"line":26,"column":24},"end":{"line":31,"column":1}},"6":{"start":{"line":27,"column":2},"end":{"line":30,"column":3}},"7":{"start":{"line":33,"column":27},"end":{"line":37,"column":1}},"8":{"start":{"line":34,"column":2},"end":{"line":36,"column":3}},"9":{"start":{"line":35,"column":32},"end":{"line":35,"column":64}}},"fnMap":{"0":{"name":"(anonymous_0)","decl":{"start":{"line":6,"column":16},"end":{"line":6,"column":17}},"loc":{"start":{"line":6,"column":65},"end":{"line":24,"column":1}},"line":6},"1":{"name":"(anonymous_1)","decl":{"start":{"line":12,"column":19},"end":{"line":12,"column":20}},"loc":{"start":{"line":12,"column":38},"end":{"line":21,"column":8}},"line":12},"2":{"name":"(anonymous_2)","decl":{"start":{"line":16,"column":19},"end":{"line":16,"column":20}},"loc":{"start":{"line":16,"column":25},"end":{"line":16,"column":51}},"line":16},"3":{"name":"(anonymous_3)","decl":{"start":{"line":26,"column":24},"end":{"line":26,"column":25}},"loc":{"start":{"line":26,"column":35},"end":{"line":31,"column":1}},"line":26},"4":{"name":"(anonymous_4)","decl":{"start":{"line":33,"column":27},"end":{"line":33,"column":28}},"loc":{"start":{"line":33,"column":41},"end":{"line":37,"column":1}},"line":33},"5":{"name":"(anonymous_5)","decl":{"start":{"line":35,"column":20},"end":{"line":35,"column":21}},"loc":{"start":{"line":35,"column":32},"end":{"line":35,"column":64}},"line":35}},"branchMap":{"0":{"loc":{"start":{"line":15,"column":31},"end":{"line":15,"column":89}},"type":"cond-expr","locations":[{"start":{"line":15,"column":68},"end":{"line":15,"column":76}},{"start":{"line":15,"column":79},"end":{"line":15,"column":89}}],"line":15}},"s":{"0":2,"1":5,"2":5,"3":20,"4":0,"5":2,"6":5,"7":2,"8":5,"9":0},"f":{"0":5,"1":20,"2":0,"3":5,"4":5,"5":0},"b":{"0":[2,18]},"_coverageSchema":"43e27e138ebf9cfc5966b082cf9a028302ed4184","hash":"3ccb4997ebbe41fc5a8160907df0c90cd589a8e7"}
,"/var/www/html/alvineandersson.se/public_html/src/components/projects/Project.js": {"path":"/var/www/html/alvineandersson.se/public_html/src/components/projects/Project.js","statementMap":{"0":{"start":{"line":12,"column":4},"end":{"line":12,"column":54}},"1":{"start":{"line":17,"column":35},"end":{"line":17,"column":45}},"2":{"start":{"line":19,"column":4},"end":{"line":46,"column":4}},"3":{"start":{"line":28,"column":8},"end":{"line":41,"column":15}},"4":{"start":{"line":50,"column":0},"end":{"line":53,"column":1}}},"fnMap":{"0":{"name":"(anonymous_0)","decl":{"start":{"line":11,"column":23},"end":{"line":11,"column":24}},"loc":{"start":{"line":11,"column":36},"end":{"line":13,"column":3}},"line":11},"1":{"name":"(anonymous_1)","decl":{"start":{"line":15,"column":2},"end":{"line":15,"column":3}},"loc":{"start":{"line":15,"column":11},"end":{"line":47,"column":1}},"line":15},"2":{"name":"(anonymous_2)","decl":{"start":{"line":26,"column":9},"end":{"line":26,"column":10}},"loc":{"start":{"line":28,"column":8},"end":{"line":41,"column":15}},"line":28}},"branchMap":{"0":{"loc":{"start":{"line":28,"column":106},"end":{"line":28,"column":141}},"type":"cond-expr","locations":[{"start":{"line":28,"column":118},"end":{"line":28,"column":127}},{"start":{"line":28,"column":130},"end":{"line":28,"column":141}}],"line":28}},"s":{"0":0,"1":2,"2":2,"3":0,"4":3},"f":{"0":0,"1":2,"2":0},"b":{"0":[0,0]},"_coverageSchema":"43e27e138ebf9cfc5966b082cf9a028302ed4184","hash":"718fd73814b910115ac51171aa92946b2e8b62e2"}
,"/var/www/html/alvineandersson.se/public_html/src/components/projects/ProjectPage.js": {"path":"/var/www/html/alvineandersson.se/public_html/src/components/projects/ProjectPage.js","statementMap":{"0":{"start":{"line":8,"column":20},"end":{"line":59,"column":1}},"1":{"start":{"line":10,"column":22},"end":{"line":10,"column":55}},"2":{"start":{"line":12,"column":2},"end":{"line":58,"column":4}},"3":{"start":{"line":34,"column":52},"end":{"line":39,"column":13}},"4":{"start":{"line":61,"column":0},"end":{"line":64,"column":1}}},"fnMap":{"0":{"name":"(anonymous_0)","decl":{"start":{"line":8,"column":20},"end":{"line":8,"column":21}},"loc":{"start":{"line":8,"column":45},"end":{"line":59,"column":1}},"line":8},"1":{"name":"(anonymous_1)","decl":{"start":{"line":34,"column":32},"end":{"line":34,"column":33}},"loc":{"start":{"line":34,"column":50},"end":{"line":39,"column":14}},"line":34}},"branchMap":{"0":{"loc":{"start":{"line":33,"column":11},"end":{"line":39,"column":15}},"type":"binary-expr","locations":[{"start":{"line":33,"column":11},"end":{"line":33,"column":26}},{"start":{"line":34,"column":12},"end":{"line":39,"column":15}}],"line":33},"1":{"loc":{"start":{"line":45,"column":13},"end":{"line":45,"column":117}},"type":"binary-expr","locations":[{"start":{"line":45,"column":13},"end":{"line":45,"column":29}},{"start":{"line":45,"column":33},"end":{"line":45,"column":117}}],"line":45},"2":{"loc":{"start":{"line":46,"column":13},"end":{"line":46,"column":113}},"type":"binary-expr","locations":[{"start":{"line":46,"column":13},"end":{"line":46,"column":27}},{"start":{"line":46,"column":31},"end":{"line":46,"column":113}}],"line":46},"3":{"loc":{"start":{"line":47,"column":13},"end":{"line":47,"column":124}},"type":"binary-expr","locations":[{"start":{"line":47,"column":13},"end":{"line":47,"column":25}},{"start":{"line":47,"column":29},"end":{"line":47,"column":45}},{"start":{"line":47,"column":49},"end":{"line":47,"column":124}}],"line":47},"4":{"loc":{"start":{"line":51,"column":11},"end":{"line":52,"column":62}},"type":"binary-expr","locations":[{"start":{"line":51,"column":11},"end":{"line":51,"column":22}},{"start":{"line":52,"column":12},"end":{"line":52,"column":62}}],"line":51}},"s":{"0":1,"1":3,"2":3,"3":6,"4":1},"f":{"0":3,"1":6},"b":{"0":[3,3],"1":[3,3],"2":[3,0],"3":[3,3,3],"4":[3,3]},"_coverageSchema":"43e27e138ebf9cfc5966b082cf9a028302ed4184","hash":"271d27fa39882ebab70eac3f5c824673a5bb0907"}
,"/var/www/html/alvineandersson.se/public_html/src/components/projects/Projects.js": {"path":"/var/www/html/alvineandersson.se/public_html/src/components/projects/Projects.js","statementMap":{"0":{"start":{"line":7,"column":17},"end":{"line":33,"column":1}},"1":{"start":{"line":9,"column":2},"end":{"line":31,"column":4}},"2":{"start":{"line":19,"column":12},"end":{"line":25,"column":13}},"3":{"start":{"line":19,"column":67},"end":{"line":19,"column":96}},"4":{"start":{"line":20,"column":14},"end":{"line":24,"column":15}},"5":{"start":{"line":38,"column":2},"end":{"line":42,"column":3}}},"fnMap":{"0":{"name":"(anonymous_0)","decl":{"start":{"line":7,"column":17},"end":{"line":7,"column":18}},"loc":{"start":{"line":7,"column":59},"end":{"line":33,"column":1}},"line":7},"1":{"name":"(anonymous_1)","decl":{"start":{"line":18,"column":24},"end":{"line":18,"column":25}},"loc":{"start":{"line":18,"column":40},"end":{"line":26,"column":11}},"line":18},"2":{"name":"(anonymous_2)","decl":{"start":{"line":19,"column":62},"end":{"line":19,"column":63}},"loc":{"start":{"line":19,"column":67},"end":{"line":19,"column":96}},"line":19},"3":{"name":"mapStateToProps","decl":{"start":{"line":37,"column":9},"end":{"line":37,"column":24}},"loc":{"start":{"line":37,"column":32},"end":{"line":43,"column":1}},"line":37}},"branchMap":{"0":{"loc":{"start":{"line":19,"column":12},"end":{"line":25,"column":13}},"type":"if","locations":[{"start":{"line":19,"column":12},"end":{"line":25,"column":13}},{"start":{"line":19,"column":12},"end":{"line":25,"column":13}}],"line":19},"1":{"loc":{"start":{"line":19,"column":15},"end":{"line":19,"column":97}},"type":"binary-expr","locations":[{"start":{"line":19,"column":15},"end":{"line":19,"column":40}},{"start":{"line":19,"column":44},"end":{"line":19,"column":97}}],"line":19}},"s":{"0":1,"1":1,"2":11,"3":0,"4":11,"5":1},"f":{"0":1,"1":11,"2":0,"3":1},"b":{"0":[11,0],"1":[11,0]},"_coverageSchema":"43e27e138ebf9cfc5966b082cf9a028302ed4184","hash":"18ef3ba31c3b1692a35c7c69c8d059081007f281"}
,"/var/www/html/alvineandersson.se/public_html/src/components/services/Service.js": {"path":"/var/www/html/alvineandersson.se/public_html/src/components/services/Service.js","statementMap":{"0":{"start":{"line":4,"column":16},"end":{"line":14,"column":1}},"1":{"start":{"line":6,"column":2},"end":{"line":13,"column":4}},"2":{"start":{"line":16,"column":0},"end":{"line":21,"column":1}}},"fnMap":{"0":{"name":"(anonymous_0)","decl":{"start":{"line":4,"column":16},"end":{"line":4,"column":17}},"loc":{"start":{"line":4,"column":53},"end":{"line":14,"column":1}},"line":4}},"branchMap":{"0":{"loc":{"start":{"line":8,"column":67},"end":{"line":8,"column":101}},"type":"cond-expr","locations":[{"start":{"line":8,"column":79},"end":{"line":8,"column":88}},{"start":{"line":8,"column":90},"end":{"line":8,"column":101}}],"line":8}},"s":{"0":2,"1":4,"2":2},"f":{"0":4},"b":{"0":[0,4]},"_coverageSchema":"43e27e138ebf9cfc5966b082cf9a028302ed4184","hash":"27aa1d106728e795758c393aad40da44e821a987"}
,"/var/www/html/alvineandersson.se/public_html/src/components/services/Services.js": {"path":"/var/www/html/alvineandersson.se/public_html/src/components/services/Services.js","statementMap":{"0":{"start":{"line":4,"column":17},"end":{"line":35,"column":1}},"1":{"start":{"line":6,"column":2},"end":{"line":33,"column":4}}},"fnMap":{"0":{"name":"(anonymous_0)","decl":{"start":{"line":4,"column":17},"end":{"line":4,"column":18}},"loc":{"start":{"line":4,"column":23},"end":{"line":35,"column":1}},"line":4}},"branchMap":{},"s":{"0":1,"1":2},"f":{"0":2},"b":{},"_coverageSchema":"43e27e138ebf9cfc5966b082cf9a028302ed4184","hash":"039e5042ad391dad989bf92bccc65d3e2772c38d"}
,"/var/www/html/alvineandersson.se/public_html/src/components/skills/Skills.js": {"path":"/var/www/html/alvineandersson.se/public_html/src/components/skills/Skills.js","statementMap":{"0":{"start":{"line":3,"column":15},"end":{"line":66,"column":1}},"1":{"start":{"line":5,"column":2},"end":{"line":64,"column":4}}},"fnMap":{"0":{"name":"(anonymous_0)","decl":{"start":{"line":3,"column":15},"end":{"line":3,"column":16}},"loc":{"start":{"line":3,"column":21},"end":{"line":66,"column":1}},"line":3}},"branchMap":{},"s":{"0":1,"1":2},"f":{"0":2},"b":{},"_coverageSchema":"43e27e138ebf9cfc5966b082cf9a028302ed4184","hash":"4e31bb2ea3a32f13aaac05c391d4edfba9f7a4c2"}
,"/var/www/html/alvineandersson.se/public_html/src/helpers/index.js": {"path":"/var/www/html/alvineandersson.se/public_html/src/helpers/index.js","statementMap":{"0":{"start":{"line":6,"column":29},"end":{"line":13,"column":1}},"1":{"start":{"line":7,"column":20},"end":{"line":7,"column":22}},"2":{"start":{"line":8,"column":2},"end":{"line":10,"column":4}},"3":{"start":{"line":9,"column":4},"end":{"line":9,"column":51}},"4":{"start":{"line":11,"column":16},"end":{"line":11,"column":41}},"5":{"start":{"line":12,"column":2},"end":{"line":12,"column":16}},"6":{"start":{"line":15,"column":33},"end":{"line":23,"column":1}},"7":{"start":{"line":16,"column":20},"end":{"line":16,"column":22}},"8":{"start":{"line":17,"column":2},"end":{"line":21,"column":3}},"9":{"start":{"line":18,"column":4},"end":{"line":18,"column":67}},"10":{"start":{"line":18,"column":47},"end":{"line":18,"column":66}},"11":{"start":{"line":20,"column":4},"end":{"line":20,"column":48}},"12":{"start":{"line":22,"column":2},"end":{"line":22,"column":21}},"13":{"start":{"line":25,"column":30},"end":{"line":34,"column":1}},"14":{"start":{"line":26,"column":20},"end":{"line":26,"column":22}},"15":{"start":{"line":27,"column":14},"end":{"line":27,"column":39}},"16":{"start":{"line":28,"column":2},"end":{"line":32,"column":3}},"17":{"start":{"line":29,"column":4},"end":{"line":29,"column":36}},"18":{"start":{"line":30,"column":9},"end":{"line":32,"column":3}},"19":{"start":{"line":31,"column":4},"end":{"line":31,"column":29}},"20":{"start":{"line":33,"column":2},"end":{"line":33,"column":21}}},"fnMap":{"0":{"name":"(anonymous_0)","decl":{"start":{"line":6,"column":29},"end":{"line":6,"column":30}},"loc":{"start":{"line":6,"column":43},"end":{"line":13,"column":1}},"line":6},"1":{"name":"(anonymous_1)","decl":{"start":{"line":8,"column":15},"end":{"line":8,"column":16}},"loc":{"start":{"line":8,"column":31},"end":{"line":10,"column":3}},"line":8},"2":{"name":"(anonymous_2)","decl":{"start":{"line":15,"column":33},"end":{"line":15,"column":34}},"loc":{"start":{"line":15,"column":64},"end":{"line":23,"column":1}},"line":15},"3":{"name":"(anonymous_3)","decl":{"start":{"line":18,"column":39},"end":{"line":18,"column":40}},"loc":{"start":{"line":18,"column":47},"end":{"line":18,"column":66}},"line":18},"4":{"name":"(anonymous_4)","decl":{"start":{"line":25,"column":30},"end":{"line":25,"column":31}},"loc":{"start":{"line":25,"column":53},"end":{"line":34,"column":1}},"line":25}},"branchMap":{"0":{"loc":{"start":{"line":17,"column":2},"end":{"line":21,"column":3}},"type":"if","locations":[{"start":{"line":17,"column":2},"end":{"line":21,"column":3}},{"start":{"line":17,"column":2},"end":{"line":21,"column":3}}],"line":17},"1":{"loc":{"start":{"line":28,"column":2},"end":{"line":32,"column":3}},"type":"if","locations":[{"start":{"line":28,"column":2},"end":{"line":32,"column":3}},{"start":{"line":28,"column":2},"end":{"line":32,"column":3}}],"line":28},"2":{"loc":{"start":{"line":28,"column":5},"end":{"line":28,"column":45}},"type":"binary-expr","locations":[{"start":{"line":28,"column":5},"end":{"line":28,"column":15}},{"start":{"line":28,"column":19},"end":{"line":28,"column":45}}],"line":28},"3":{"loc":{"start":{"line":30,"column":9},"end":{"line":32,"column":3}},"type":"if","locations":[{"start":{"line":30,"column":9},"end":{"line":32,"column":3}},{"start":{"line":30,"column":9},"end":{"line":32,"column":3}}],"line":30},"4":{"loc":{"start":{"line":30,"column":12},"end":{"line":30,"column":52}},"type":"binary-expr","locations":[{"start":{"line":30,"column":12},"end":{"line":30,"column":21}},{"start":{"line":30,"column":25},"end":{"line":30,"column":52}}],"line":30}},"s":{"0":6,"1":6,"2":6,"3":66,"4":6,"5":6,"6":6,"7":4,"8":4,"9":2,"10":4,"11":2,"12":4,"13":6,"14":3,"15":3,"16":3,"17":3,"18":0,"19":0,"20":3},"f":{"0":6,"1":66,"2":4,"3":4,"4":3},"b":{"0":[2,2],"1":[3,0],"2":[3,3],"3":[0,0],"4":[0,0]},"_coverageSchema":"43e27e138ebf9cfc5966b082cf9a028302ed4184","hash":"abef1c43161c0e15b4304059e627430834db08f8"}
,"/var/www/html/alvineandersson.se/public_html/src/reducers/animationReducer.js": {"path":"/var/www/html/alvineandersson.se/public_html/src/reducers/animationReducer.js","statementMap":{"0":{"start":{"line":3,"column":21},"end":{"line":3,"column":39}},"1":{"start":{"line":5,"column":18},"end":{"line":18,"column":1}},"2":{"start":{"line":7,"column":2},"end":{"line":17,"column":3}},"3":{"start":{"line":10,"column":6},"end":{"line":13,"column":7}},"4":{"start":{"line":16,"column":6},"end":{"line":16,"column":18}}},"fnMap":{"0":{"name":"(anonymous_0)","decl":{"start":{"line":5,"column":18},"end":{"line":5,"column":19}},"loc":{"start":{"line":5,"column":52},"end":{"line":18,"column":1}},"line":5}},"branchMap":{"0":{"loc":{"start":{"line":5,"column":19},"end":{"line":5,"column":39}},"type":"default-arg","locations":[{"start":{"line":5,"column":27},"end":{"line":5,"column":39}}],"line":5},"1":{"loc":{"start":{"line":7,"column":2},"end":{"line":17,"column":3}},"type":"switch","locations":[{"start":{"line":9,"column":4},"end":{"line":13,"column":7}},{"start":{"line":15,"column":4},"end":{"line":16,"column":18}}],"line":7}},"s":{"0":11,"1":11,"2":36,"3":4,"4":32},"f":{"0":36},"b":{"0":[31],"1":[4,32]},"_coverageSchema":"43e27e138ebf9cfc5966b082cf9a028302ed4184","hash":"f57d6a0306e57d4238b6adee5674303aa0447e80"}
,"/var/www/html/alvineandersson.se/public_html/src/reducers/index.js": {"path":"/var/www/html/alvineandersson.se/public_html/src/reducers/index.js","statementMap":{},"fnMap":{},"branchMap":{},"s":{},"f":{},"b":{},"_coverageSchema":"43e27e138ebf9cfc5966b082cf9a028302ed4184","hash":"5f0f2e08728c492117f9b28a87ea4f6758af1eac"}
,"/var/www/html/alvineandersson.se/public_html/src/reducers/matchReducer.js": {"path":"/var/www/html/alvineandersson.se/public_html/src/reducers/matchReducer.js","statementMap":{"0":{"start":{"line":4,"column":21},"end":{"line":4,"column":47}},"1":{"start":{"line":6,"column":14},"end":{"line":20,"column":1}},"2":{"start":{"line":7,"column":2},"end":{"line":19,"column":3}},"3":{"start":{"line":10,"column":6},"end":{"line":13,"column":7}},"4":{"start":{"line":18,"column":6},"end":{"line":18,"column":18}}},"fnMap":{"0":{"name":"(anonymous_0)","decl":{"start":{"line":6,"column":14},"end":{"line":6,"column":15}},"loc":{"start":{"line":6,"column":48},"end":{"line":20,"column":1}},"line":6}},"branchMap":{"0":{"loc":{"start":{"line":6,"column":15},"end":{"line":6,"column":35}},"type":"default-arg","locations":[{"start":{"line":6,"column":23},"end":{"line":6,"column":35}}],"line":6},"1":{"loc":{"start":{"line":7,"column":2},"end":{"line":19,"column":3}},"type":"switch","locations":[{"start":{"line":9,"column":4},"end":{"line":13,"column":7}},{"start":{"line":17,"column":4},"end":{"line":18,"column":18}}],"line":7}},"s":{"0":12,"1":12,"2":37,"3":0,"4":37},"f":{"0":37},"b":{"0":[33],"1":[0,37]},"_coverageSchema":"43e27e138ebf9cfc5966b082cf9a028302ed4184","hash":"a55047a337b6e2b662e450354731b28859d9c294"}
,"/var/www/html/alvineandersson.se/public_html/src/reducers/projectsReducer.js": {"path":"/var/www/html/alvineandersson.se/public_html/src/reducers/projectsReducer.js","statementMap":{"0":{"start":{"line":3,"column":21},"end":{"line":6,"column":1}},"1":{"start":{"line":8,"column":17},"end":{"line":21,"column":1}},"2":{"start":{"line":10,"column":2},"end":{"line":20,"column":3}},"3":{"start":{"line":13,"column":6},"end":{"line":16,"column":7}},"4":{"start":{"line":19,"column":6},"end":{"line":19,"column":18}}},"fnMap":{"0":{"name":"(anonymous_0)","decl":{"start":{"line":8,"column":17},"end":{"line":8,"column":18}},"loc":{"start":{"line":8,"column":51},"end":{"line":21,"column":1}},"line":8}},"branchMap":{"0":{"loc":{"start":{"line":8,"column":18},"end":{"line":8,"column":38}},"type":"default-arg","locations":[{"start":{"line":8,"column":26},"end":{"line":8,"column":38}}],"line":8},"1":{"loc":{"start":{"line":10,"column":2},"end":{"line":20,"column":3}},"type":"switch","locations":[{"start":{"line":12,"column":4},"end":{"line":16,"column":7}},{"start":{"line":18,"column":4},"end":{"line":19,"column":18}}],"line":10}},"s":{"0":12,"1":12,"2":37,"3":5,"4":32},"f":{"0":37},"b":{"0":[23],"1":[5,32]},"_coverageSchema":"43e27e138ebf9cfc5966b082cf9a028302ed4184","hash":"c35cd7b1990be55fa75c73eba421e67cbf88c7df"}
,"/var/www/html/alvineandersson.se/public_html/test/testUtils.js": {"path":"/var/www/html/alvineandersson.se/public_html/test/testUtils.js","statementMap":{"0":{"start":{"line":7,"column":28},"end":{"line":10,"column":1}},"1":{"start":{"line":8,"column":36},"end":{"line":8,"column":80}},"2":{"start":{"line":9,"column":2},"end":{"line":9,"column":61}},"3":{"start":{"line":12,"column":30},"end":{"line":14,"column":1}},"4":{"start":{"line":13,"column":2},"end":{"line":13,"column":46}},"5":{"start":{"line":16,"column":26},"end":{"line":19,"column":1}},"6":{"start":{"line":17,"column":20},"end":{"line":17,"column":96}},"7":{"start":{"line":18,"column":2},"end":{"line":18,"column":36}}},"fnMap":{"0":{"name":"(anonymous_0)","decl":{"start":{"line":7,"column":28},"end":{"line":7,"column":29}},"loc":{"start":{"line":7,"column":46},"end":{"line":10,"column":1}},"line":7},"1":{"name":"(anonymous_1)","decl":{"start":{"line":12,"column":30},"end":{"line":12,"column":31}},"loc":{"start":{"line":12,"column":48},"end":{"line":14,"column":1}},"line":12},"2":{"name":"(anonymous_2)","decl":{"start":{"line":16,"column":26},"end":{"line":16,"column":27}},"loc":{"start":{"line":16,"column":58},"end":{"line":19,"column":1}},"line":16}},"branchMap":{},"s":{"0":11,"1":10,"2":10,"3":11,"4":24,"5":11,"6":5,"7":5},"f":{"0":10,"1":24,"2":5},"b":{},"_coverageSchema":"43e27e138ebf9cfc5966b082cf9a028302ed4184","hash":"5cc5f18e971999a4d60bfa071aabb8d66abc6e71"}
}
