TN:
SF:/var/www/html/alvineandersson.se/public_html/src/configureStore.js
FN:11,configureStore
FNF:1
FNH:0
FNDA:0,configureStore
DA:6,15
DA:9,15
DA:12,0
LF:3
LH:2
BRF:0
BRH:0
end_of_record
TN:
SF:/var/www/html/alvineandersson.se/public_html/src/actions/index.js
FN:14,(anonymous_0)
FN:14,(anonymous_1)
FN:47,(anonymous_2)
FN:47,(anonymous_3)
FN:67,(anonymous_4)
FN:67,(anonymous_5)
FNF:6
FNH:6
FNDA:2,(anonymous_0)
FNDA:2,(anonymous_1)
FNDA:2,(anonymous_2)
FNDA:2,(anonymous_3)
FNDA:4,(anonymous_4)
FNDA:4,(anonymous_5)
DA:14,4
DA:16,2
DA:19,2
DA:20,2
DA:21,2
DA:22,2
DA:25,2
DA:26,1
DA:27,1
DA:34,2
DA:35,1
DA:47,4
DA:50,2
DA:56,2
DA:67,4
DA:69,4
DA:72,4
DA:73,4
DA:74,4
DA:77,4
LF:20
LH:20
BRDA:25,0,0,1
BRDA:25,0,1,1
BRDA:34,1,0,1
BRDA:34,1,1,1
BRDA:72,2,0,4
BRDA:72,2,1,0
BRF:6
BRH:5
end_of_record
TN:
SF:/var/www/html/alvineandersson.se/public_html/src/actions/types.js
FNF:0
FNH:0
DA:1,15
DA:2,15
DA:3,15
DA:4,15
LF:4
LH:4
BRF:0
BRH:0
end_of_record
TN:
SF:/var/www/html/alvineandersson.se/public_html/src/components/common/JumpingTitle.js
FN:13,(anonymous_0)
FN:17,(anonymous_1)
FN:26,(anonymous_2)
FN:29,(anonymous_3)
FNF:4
FNH:4
FNDA:1,(anonymous_0)
FNDA:6,(anonymous_1)
FNDA:3,(anonymous_2)
FNDA:45,(anonymous_3)
DA:14,1
DA:19,6
DA:21,6
DA:28,3
DA:30,45
DA:31,45
DA:32,45
DA:33,45
DA:44,3
LF:9
LH:9
BRDA:28,0,0,2
BRDA:28,0,1,1
BRF:2
BRH:2
end_of_record
TN:
SF:/var/www/html/alvineandersson.se/public_html/src/components/footer/Footer.js
FN:6,(anonymous_0)
FNF:1
FNH:1
FNDA:3,(anonymous_0)
DA:6,1
DA:8,3
LF:2
LH:2
BRF:0
BRH:0
end_of_record
TN:
SF:/var/www/html/alvineandersson.se/public_html/src/components/header/Header.js
FN:9,(anonymous_0)
FNF:1
FNH:1
FNDA:3,(anonymous_0)
DA:9,1
DA:11,3
DA:12,3
DA:14,3
DA:25,1
LF:5
LH:5
BRF:0
BRH:0
end_of_record
TN:
SF:/var/www/html/alvineandersson.se/public_html/src/components/header/Slogan.js
FN:6,(anonymous_0)
FNF:1
FNH:1
FNDA:1,(anonymous_0)
DA:6,2
DA:8,1
LF:2
LH:2
BRF:0
BRH:0
end_of_record
TN:
SF:/var/www/html/alvineandersson.se/public_html/src/components/matchmaking/MatchItem.js
FN:9,(anonymous_0)
FN:37,(anonymous_1)
FNF:2
FNH:2
FNDA:4,(anonymous_0)
FNDA:1,(anonymous_1)
DA:9,2
DA:11,4
DA:37,1
DA:43,2
LF:4
LH:4
BRDA:14,0,0,3
BRDA:14,0,1,1
BRF:2
BRH:2
end_of_record
TN:
SF:/var/www/html/alvineandersson.se/public_html/src/components/matchmaking/Matchmaking.js
FN:8,(anonymous_0)
FN:21,(anonymous_1)
FN:25,(anonymous_2)
FN:40,mapStateToProps
FNF:4
FNH:3
FNDA:4,(anonymous_0)
FNDA:0,(anonymous_1)
FNDA:16,(anonymous_2)
FNDA:6,mapStateToProps
DA:8,1
DA:10,4
DA:21,0
DA:26,16
DA:41,6
LF:5
LH:4
BRDA:28,0,0,4
BRDA:28,0,1,0
BRF:2
BRH:1
end_of_record
TN:
SF:/var/www/html/alvineandersson.se/public_html/src/components/matchmaking/SelectItem.js
FN:10,(anonymous_0)
FN:14,(anonymous_1)
FN:17,(anonymous_2)
FNF:3
FNH:3
FNDA:5,(anonymous_0)
FNDA:10,(anonymous_1)
FNDA:1,(anonymous_2)
DA:10,2
DA:12,5
DA:14,10
DA:17,1
DA:26,2
LF:5
LH:5
BRDA:17,0,0,8
BRDA:17,0,1,2
BRF:2
BRH:2
end_of_record
TN:
SF:/var/www/html/alvineandersson.se/public_html/src/components/projects/Filter.js
FN:15,(anonymous_0)
FN:23,(anonymous_1)
FN:27,(anonymous_2)
FN:31,(anonymous_3)
FN:41,(anonymous_4)
FNF:5
FNH:4
FNDA:7,(anonymous_0)
FNDA:0,(anonymous_1)
FNDA:28,(anonymous_2)
FNDA:2,(anonymous_3)
FNDA:7,(anonymous_4)
DA:15,2
DA:17,7
DA:19,7
DA:23,0
DA:27,28
DA:31,2
DA:41,2
DA:42,7
LF:8
LH:7
BRDA:22,0,0,5
BRDA:22,0,1,2
BRDA:30,1,0,2
BRDA:30,1,1,26
BRF:4
BRH:4
end_of_record
TN:
SF:/var/www/html/alvineandersson.se/public_html/src/components/projects/Project.js
FN:15,(anonymous_0)
FN:19,(anonymous_1)
FN:29,(anonymous_2)
FNF:3
FNH:3
FNDA:1,(anonymous_0)
FNDA:8,(anonymous_1)
FNDA:5,(anonymous_2)
DA:16,1
DA:21,8
DA:23,8
DA:31,5
DA:52,3
LF:5
LH:5
BRDA:31,0,0,1
BRDA:31,0,1,4
BRF:2
BRH:2
end_of_record
TN:
SF:/var/www/html/alvineandersson.se/public_html/src/components/projects/ProjectPage.js
FN:12,(anonymous_0)
FN:34,(anonymous_1)
FNF:2
FNH:2
FNDA:8,(anonymous_0)
FNDA:13,(anonymous_1)
DA:12,1
DA:14,8
DA:16,8
DA:34,13
DA:61,1
LF:5
LH:5
BRDA:33,0,0,8
BRDA:33,0,1,8
BRDA:45,1,0,8
BRDA:45,1,1,8
BRDA:46,2,0,8
BRDA:46,2,1,0
BRDA:47,3,0,8
BRDA:47,3,1,8
BRDA:47,3,2,8
BRDA:51,4,0,8
BRDA:51,4,1,8
BRF:11
BRH:10
end_of_record
TN:
SF:/var/www/html/alvineandersson.se/public_html/src/components/projects/Projects.js
FN:14,(anonymous_0)
FN:25,(anonymous_1)
FN:26,(anonymous_2)
FN:42,mapStateToProps
FNF:4
FNH:4
FNDA:5,(anonymous_0)
FNDA:60,(anonymous_1)
FNDA:16,(anonymous_2)
FNDA:6,mapStateToProps
DA:14,1
DA:16,5
DA:26,60
DA:27,56
DA:43,6
LF:5
LH:5
BRDA:26,0,0,56
BRDA:26,0,1,4
BRDA:26,1,0,60
BRDA:26,1,1,12
BRF:4
BRH:4
end_of_record
TN:
SF:/var/www/html/alvineandersson.se/public_html/src/components/services/Service.js
FN:14,(anonymous_0)
FN:18,(anonymous_1)
FN:29,(anonymous_2)
FNF:3
FNH:3
FNDA:1,(anonymous_0)
FNDA:7,(anonymous_1)
FNDA:4,(anonymous_2)
DA:15,1
DA:20,7
DA:22,7
DA:30,4
DA:41,2
LF:5
LH:5
BRDA:30,0,0,2
BRDA:30,0,1,2
BRF:2
BRH:2
end_of_record
TN:
SF:/var/www/html/alvineandersson.se/public_html/src/components/services/Services.js
FN:7,(anonymous_0)
FNF:1
FNH:1
FNDA:3,(anonymous_0)
DA:7,1
DA:9,3
LF:2
LH:2
BRF:0
BRH:0
end_of_record
TN:
SF:/var/www/html/alvineandersson.se/public_html/src/components/skills/Skills.js
FN:6,(anonymous_0)
FNF:1
FNH:1
FNDA:2,(anonymous_0)
DA:6,1
DA:8,2
LF:2
LH:2
BRF:0
BRH:0
end_of_record
TN:
SF:/var/www/html/alvineandersson.se/public_html/src/helpers/index.js
FN:7,(anonymous_0)
FN:9,(anonymous_1)
FN:23,(anonymous_2)
FN:26,(anonymous_3)
FN:40,(anonymous_4)
FNF:5
FNH:5
FNDA:8,(anonymous_0)
FNDA:96,(anonymous_1)
FNDA:4,(anonymous_2)
FNDA:4,(anonymous_3)
FNDA:9,(anonymous_4)
DA:7,6
DA:8,8
DA:9,8
DA:10,96
DA:12,8
DA:13,8
DA:23,6
DA:24,4
DA:25,4
DA:26,4
DA:28,2
DA:30,4
DA:40,6
DA:41,9
DA:42,9
DA:43,9
DA:44,7
DA:45,2
DA:46,0
DA:48,9
LF:20
LH:19
BRDA:25,0,0,2
BRDA:25,0,1,2
BRDA:43,1,0,7
BRDA:43,1,1,2
BRDA:43,2,0,9
BRDA:43,2,1,7
BRDA:45,3,0,0
BRDA:45,3,1,2
BRDA:45,4,0,2
BRDA:45,4,1,0
BRF:10
BRH:8
end_of_record
TN:
SF:/var/www/html/alvineandersson.se/public_html/src/reducers/animationReducer.js
FN:11,(anonymous_0)
FNF:1
FNH:1
FNDA:65,(anonymous_0)
DA:3,15
DA:11,15
DA:13,65
DA:16,4
DA:22,61
LF:5
LH:5
BRDA:11,0,0,51
BRDA:13,1,0,4
BRDA:13,1,1,61
BRF:3
BRH:3
end_of_record
TN:
SF:/var/www/html/alvineandersson.se/public_html/src/reducers/gameReducer.js
FN:15,(anonymous_0)
FNF:1
FNH:1
FNDA:65,(anonymous_0)
DA:3,15
DA:15,15
DA:17,65
DA:20,2
DA:28,1
DA:34,1
DA:40,61
LF:7
LH:7
BRDA:15,0,0,47
BRDA:17,1,0,2
BRDA:17,1,1,1
BRDA:17,1,2,1
BRDA:17,1,3,61
BRF:5
BRH:5
end_of_record
TN:
SF:/var/www/html/alvineandersson.se/public_html/src/reducers/index.js
FNF:0
FNH:0
LF:0
LH:0
BRF:0
BRH:0
end_of_record
TN:
SF:/var/www/html/alvineandersson.se/public_html/src/reducers/projectsReducer.js
FN:15,(anonymous_0)
FNF:1
FNH:1
FNDA:65,(anonymous_0)
DA:4,15
DA:15,15
DA:17,65
DA:20,4
DA:26,61
LF:5
LH:5
BRDA:15,0,0,40
BRDA:17,1,0,4
BRDA:17,1,1,61
BRF:3
BRH:3
end_of_record
TN:
SF:/var/www/html/alvineandersson.se/public_html/test/testUtils.js
FN:13,(anonymous_0)
FN:24,(anonymous_1)
FN:33,(anonymous_2)
FNF:3
FNH:3
FNDA:27,(anonymous_0)
FNDA:38,(anonymous_1)
FNDA:7,(anonymous_2)
DA:13,15
DA:14,27
DA:15,27
DA:24,15
DA:25,38
DA:33,15
DA:34,7
DA:35,7
LF:8
LH:8
BRF:0
BRH:0
end_of_record
