TN:
SF:/var/www/html/alvineandersson.se/public_html/src/configureStore.js
FN:25,configureStore
FNF:1
FNH:0
FNDA:0,configureStore
DA:23,15
DA:26,0
LF:2
LH:1
BRF:0
BRH:0
end_of_record
TN:
SF:/var/www/html/alvineandersson.se/public_html/src/actions/index.js
FN:4,matchMaking
FN:5,(anonymous_1)
FN:11,(anonymous_2)
FN:14,(anonymous_3)
FN:29,resetGame
FN:30,(anonymous_5)
FN:36,(anonymous_6)
FN:40,(anonymous_7)
FN:57,filterProjects
FN:58,(anonymous_9)
FNF:10
FNH:10
FNDA:1,matchMaking
FNDA:1,(anonymous_1)
FNDA:8,(anonymous_2)
FNDA:2,(anonymous_3)
FNDA:1,resetGame
FNDA:1,(anonymous_5)
FNDA:8,(anonymous_6)
FNDA:12,(anonymous_7)
FNDA:4,filterProjects
FNDA:4,(anonymous_9)
DA:5,1
DA:8,1
DA:9,1
DA:11,1
DA:12,8
DA:15,2
DA:18,8
DA:21,1
DA:30,1
DA:33,1
DA:34,1
DA:36,1
DA:37,8
DA:38,8
DA:39,8
DA:40,6
DA:41,12
DA:45,1
DA:47,1
DA:58,4
DA:60,4
DA:61,4
DA:63,4
LF:23
LH:23
BRDA:12,0,0,8
BRDA:12,0,1,1
BRDA:15,1,0,2
BRDA:15,1,1,1
BRDA:18,2,0,8
BRDA:18,2,1,1
BRDA:39,3,0,6
BRDA:39,3,1,2
BRF:8
BRH:8
end_of_record
TN:
SF:/var/www/html/alvineandersson.se/public_html/src/actions/types.js
FNF:0
FNH:0
DA:1,15
DA:2,15
DA:3,15
LF:3
LH:3
BRF:0
BRH:0
end_of_record
TN:
SF:/var/www/html/alvineandersson.se/public_html/src/components/common/JumpingTitle.js
FN:9,(anonymous_0)
FN:13,(anonymous_1)
FN:22,(anonymous_2)
FN:25,(anonymous_3)
FNF:4
FNH:4
FNDA:1,(anonymous_0)
FNDA:6,(anonymous_1)
FNDA:3,(anonymous_2)
FNDA:45,(anonymous_3)
DA:10,1
DA:15,6
DA:17,6
DA:24,3
DA:26,45
DA:27,45
DA:28,45
DA:29,45
DA:40,3
LF:9
LH:9
BRDA:24,0,0,0
BRDA:24,0,1,3
BRF:2
BRH:1
end_of_record
TN:
SF:/var/www/html/alvineandersson.se/public_html/src/components/footer/Footer.js
FN:3,(anonymous_0)
FNF:1
FNH:1
FNDA:4,(anonymous_0)
DA:3,1
DA:5,4
LF:2
LH:2
BRF:0
BRH:0
end_of_record
TN:
SF:/var/www/html/alvineandersson.se/public_html/src/components/header/Header.js
FN:5,(anonymous_0)
FNF:1
FNH:1
FNDA:3,(anonymous_0)
DA:5,1
DA:7,3
DA:90,1
LF:3
LH:3
BRF:0
BRH:0
end_of_record
TN:
SF:/var/www/html/alvineandersson.se/public_html/src/components/matchmaking/BooleanItem.js
FN:4,(anonymous_0)
FN:11,(anonymous_1)
FN:14,(anonymous_2)
FNF:3
FNH:3
FNDA:4,(anonymous_0)
FNDA:8,(anonymous_1)
FNDA:1,(anonymous_2)
DA:4,2
DA:5,4
DA:11,8
DA:14,1
DA:25,2
LF:5
LH:5
BRDA:14,0,0,6
BRDA:14,0,1,2
BRF:2
BRH:2
end_of_record
TN:
SF:/var/www/html/alvineandersson.se/public_html/src/components/matchmaking/MatchItem.js
FN:4,(anonymous_0)
FN:13,(anonymous_1)
FNF:2
FNH:2
FNDA:3,(anonymous_0)
FNDA:1,(anonymous_1)
DA:4,2
DA:5,3
DA:13,1
DA:19,2
LF:4
LH:4
BRF:0
BRH:0
end_of_record
TN:
SF:/var/www/html/alvineandersson.se/public_html/src/components/matchmaking/Matchmaking.js
FN:9,(anonymous_0)
FN:19,(anonymous_1)
FN:39,mapStateToProps
FN:45,mapDispatchToProps
FN:47,(anonymous_4)
FN:48,(anonymous_5)
FNF:6
FNH:4
FNDA:7,(anonymous_0)
FNDA:56,(anonymous_1)
FNDA:7,mapStateToProps
FNDA:7,mapDispatchToProps
FNDA:0,(anonymous_4)
FNDA:0,(anonymous_5)
DA:9,1
DA:10,7
DA:20,56
DA:40,7
DA:46,7
DA:47,0
DA:48,0
LF:7
LH:5
BRDA:21,0,0,56
BRDA:21,0,1,28
BRDA:24,1,0,56
BRDA:24,1,1,14
BRDA:27,2,0,56
BRDA:27,2,1,14
BRF:6
BRH:6
end_of_record
TN:
SF:/var/www/html/alvineandersson.se/public_html/src/components/matchmaking/SelectItem.js
FN:4,(anonymous_0)
FN:7,(anonymous_1)
FN:10,(anonymous_2)
FNF:3
FNH:3
FNDA:5,(anonymous_0)
FNDA:10,(anonymous_1)
FNDA:1,(anonymous_2)
DA:4,2
DA:5,5
DA:7,10
DA:10,1
DA:19,2
LF:5
LH:5
BRDA:10,0,0,8
BRDA:10,0,1,2
BRF:2
BRH:2
end_of_record
TN:
SF:/var/www/html/alvineandersson.se/public_html/src/components/projects/Filter.js
FN:6,(anonymous_0)
FN:12,(anonymous_1)
FN:16,(anonymous_2)
FN:26,(anonymous_3)
FN:33,(anonymous_4)
FN:35,(anonymous_5)
FNF:6
FNH:5
FNDA:7,(anonymous_0)
FNDA:28,(anonymous_1)
FNDA:2,(anonymous_2)
FNDA:7,(anonymous_3)
FNDA:7,(anonymous_4)
FNDA:0,(anonymous_5)
DA:6,2
DA:8,7
DA:10,7
DA:12,28
DA:16,2
DA:26,2
DA:27,7
DA:33,2
DA:34,7
DA:35,0
LF:10
LH:9
BRDA:15,0,0,2
BRDA:15,0,1,26
BRF:2
BRH:2
end_of_record
TN:
SF:/var/www/html/alvineandersson.se/public_html/src/components/projects/Project.js
FN:9,(anonymous_0)
FN:13,(anonymous_1)
FN:23,(anonymous_2)
FNF:3
FNH:3
FNDA:1,(anonymous_0)
FNDA:8,(anonymous_1)
FNDA:5,(anonymous_2)
DA:10,1
DA:15,8
DA:17,8
DA:25,5
DA:46,3
LF:5
LH:5
BRDA:25,0,0,0
BRDA:25,0,1,5
BRF:2
BRH:1
end_of_record
TN:
SF:/var/www/html/alvineandersson.se/public_html/src/components/projects/ProjectPage.js
FN:7,(anonymous_0)
FN:29,(anonymous_1)
FNF:2
FNH:2
FNDA:8,(anonymous_0)
FNDA:13,(anonymous_1)
DA:7,1
DA:9,8
DA:11,8
DA:29,13
DA:56,1
LF:5
LH:5
BRDA:28,0,0,8
BRDA:28,0,1,8
BRDA:40,1,0,8
BRDA:40,1,1,8
BRDA:41,2,0,8
BRDA:41,2,1,0
BRDA:42,3,0,8
BRDA:42,3,1,8
BRDA:42,3,2,8
BRDA:46,4,0,8
BRDA:46,4,1,8
BRF:11
BRH:10
end_of_record
TN:
SF:/var/www/html/alvineandersson.se/public_html/src/components/projects/Projects.js
FN:7,(anonymous_0)
FN:18,(anonymous_1)
FN:19,(anonymous_2)
FN:37,mapStateToProps
FNF:4
FNH:4
FNDA:6,(anonymous_0)
FNDA:66,(anonymous_1)
FNDA:15,(anonymous_2)
FNDA:7,mapStateToProps
DA:7,1
DA:9,6
DA:19,66
DA:20,61
DA:38,7
LF:5
LH:5
BRDA:19,0,0,61
BRDA:19,0,1,5
BRDA:19,1,0,66
BRDA:19,1,1,11
BRF:4
BRH:4
end_of_record
TN:
SF:/var/www/html/alvineandersson.se/public_html/src/components/services/Service.js
FN:9,(anonymous_0)
FN:13,(anonymous_1)
FN:23,(anonymous_2)
FNF:3
FNH:3
FNDA:1,(anonymous_0)
FNDA:7,(anonymous_1)
FNDA:4,(anonymous_2)
DA:10,1
DA:15,7
DA:17,7
DA:25,4
DA:36,2
LF:5
LH:5
BRDA:25,0,0,0
BRDA:25,0,1,4
BRF:2
BRH:1
end_of_record
TN:
SF:/var/www/html/alvineandersson.se/public_html/src/components/services/Services.js
FN:4,(anonymous_0)
FNF:1
FNH:1
FNDA:3,(anonymous_0)
DA:4,1
DA:6,3
LF:2
LH:2
BRF:0
BRH:0
end_of_record
TN:
SF:/var/www/html/alvineandersson.se/public_html/src/components/skills/Skills.js
FN:3,(anonymous_0)
FNF:1
FNH:1
FNDA:2,(anonymous_0)
DA:3,1
DA:5,2
LF:2
LH:2
BRF:0
BRH:0
end_of_record
TN:
SF:/var/www/html/alvineandersson.se/public_html/src/helpers/index.js
FN:6,(anonymous_0)
FN:8,(anonymous_1)
FN:15,(anonymous_2)
FN:18,(anonymous_3)
FN:25,(anonymous_4)
FNF:5
FNH:5
FNDA:8,(anonymous_0)
FNDA:88,(anonymous_1)
FNDA:4,(anonymous_2)
FNDA:4,(anonymous_3)
FNDA:8,(anonymous_4)
DA:6,6
DA:7,8
DA:8,8
DA:9,88
DA:11,8
DA:12,8
DA:15,6
DA:16,4
DA:17,4
DA:18,4
DA:20,2
DA:22,4
DA:25,6
DA:26,8
DA:27,8
DA:28,8
DA:29,6
DA:30,2
DA:31,0
DA:33,8
LF:20
LH:19
BRDA:17,0,0,2
BRDA:17,0,1,2
BRDA:28,1,0,6
BRDA:28,1,1,2
BRDA:28,2,0,8
BRDA:28,2,1,6
BRDA:30,3,0,0
BRDA:30,3,1,2
BRDA:30,4,0,2
BRDA:30,4,1,0
BRF:10
BRH:8
end_of_record
TN:
SF:/var/www/html/alvineandersson.se/public_html/src/reducers/animationReducer.js
FN:5,(anonymous_0)
FNF:1
FNH:1
FNDA:63,(anonymous_0)
DA:3,15
DA:5,15
DA:7,63
DA:10,4
DA:16,59
LF:5
LH:5
BRDA:5,0,0,50
BRDA:7,1,0,4
BRDA:7,1,1,59
BRF:3
BRH:3
end_of_record
TN:
SF:/var/www/html/alvineandersson.se/public_html/src/reducers/index.js
FNF:0
FNH:0
LF:0
LH:0
BRF:0
BRH:0
end_of_record
TN:
SF:/var/www/html/alvineandersson.se/public_html/src/reducers/matchReducer.js
FN:6,(anonymous_0)
FNF:1
FNH:1
FNDA:63,(anonymous_0)
DA:4,15
DA:6,15
DA:8,63
DA:11,1
DA:17,1
DA:23,61
LF:6
LH:6
BRDA:6,0,0,48
BRDA:8,1,0,1
BRDA:8,1,1,1
BRDA:8,1,2,61
BRF:4
BRH:4
end_of_record
TN:
SF:/var/www/html/alvineandersson.se/public_html/src/reducers/projectsReducer.js
FN:9,(anonymous_0)
FNF:1
FNH:1
FNDA:63,(anonymous_0)
DA:4,15
DA:9,15
DA:11,63
DA:14,4
DA:20,59
LF:5
LH:5
BRDA:9,0,0,39
BRDA:11,1,0,4
BRDA:11,1,1,59
BRF:3
BRH:3
end_of_record
TN:
SF:/var/www/html/alvineandersson.se/public_html/test/testUtils.js
FN:7,(anonymous_0)
FN:12,(anonymous_1)
FN:16,(anonymous_2)
FNF:3
FNH:3
FNDA:27,(anonymous_0)
FNDA:41,(anonymous_1)
FNDA:8,(anonymous_2)
DA:7,15
DA:8,27
DA:9,27
DA:12,15
DA:13,41
DA:16,15
DA:17,8
DA:18,8
LF:8
LH:8
BRF:0
BRH:0
end_of_record
